{"/home/mac-book/Music/job-finder/src/api/getDegrees.js": {"path":"/home/mac-book/Music/job-finder/src/api/getDegrees.js","statementMap":{"0":{"start":{"line":3,"column":19},"end":{"line":7,"column":1}},"1":{"start":{"line":4,"column":18},"end":{"line":4,"column":45}},"2":{"start":{"line":5,"column":19},"end":{"line":5,"column":56}},"3":{"start":{"line":6,"column":2},"end":{"line":6,"column":22}}},"fnMap":{"0":{"name":"(anonymous_0)","decl":{"start":{"line":3,"column":19},"end":{"line":3,"column":20}},"loc":{"start":{"line":3,"column":31},"end":{"line":7,"column":1}},"line":3}},"branchMap":{},"s":{"0":1,"1":0,"2":0,"3":0},"f":{"0":0},"b":{},"_coverageSchema":"1a1c01bbd47fc00a2c39e90264f33305004495a9","hash":"e53dff712a3d8543311983e555e66b550cf0bad7"}
,"/home/mac-book/Music/job-finder/src/api/getJobs.js": {"path":"/home/mac-book/Music/job-finder/src/api/getJobs.js","statementMap":{"0":{"start":{"line":3,"column":16},"end":{"line":7,"column":1}},"1":{"start":{"line":4,"column":18},"end":{"line":4,"column":45}},"2":{"start":{"line":5,"column":19},"end":{"line":5,"column":53}},"3":{"start":{"line":6,"column":2},"end":{"line":6,"column":22}}},"fnMap":{"0":{"name":"(anonymous_0)","decl":{"start":{"line":3,"column":16},"end":{"line":3,"column":17}},"loc":{"start":{"line":3,"column":28},"end":{"line":7,"column":1}},"line":3}},"branchMap":{},"s":{"0":2,"1":2,"2":2,"3":2},"f":{"0":2},"b":{},"_coverageSchema":"1a1c01bbd47fc00a2c39e90264f33305004495a9","hash":"5fe28a1a3c8001cd0574c0ff987f68169030cc28"}
,"/home/mac-book/Music/job-finder/src/assets/face-png-transparent.png": {"path":"/home/mac-book/Music/job-finder/src/assets/face-png-transparent.png","statementMap":{"0":{"start":{"line":1,"column":0},"end":{"line":1,"column":19}}},"fnMap":{},"branchMap":{},"s":{"0":2},"f":{},"b":{},"_coverageSchema":"1a1c01bbd47fc00a2c39e90264f33305004495a9","hash":"813fe781e38397be9e1ae706eda5dd0c8b847a8f"}
,"/home/mac-book/Music/job-finder/src/components/JobResults/JobListing.vue": {"path":"/home/mac-book/Music/job-finder/src/components/JobResults/JobListing.vue","statementMap":{"0":{"start":{"line":4,"column":0},"end":{"line":6,"column":3}},"1":{"start":{"line":7,"column":0},"end":{"line":7,"column":25}},"2":{"start":{"line":35,"column":0},"end":{"line":35,"column":13}},"3":{"start":{"line":37,"column":0},"end":{"line":39,"column":3}},"4":{"start":{"line":40,"column":0},"end":{"line":40,"column":24}},"5":{"start":{"line":41,"column":11},"end":{"line":41,"column":25}},"6":{"start":{"line":42,"column":19},"end":{"line":44,"column":1}},"7":{"start":{"line":45,"column":19},"end":{"line":47,"column":1}},"8":{"start":{"line":48,"column":19},"end":{"line":50,"column":1}},"9":{"start":{"line":51,"column":19},"end":{"line":53,"column":1}},"10":{"start":{"line":54,"column":19},"end":{"line":56,"column":1}},"11":{"start":{"line":57,"column":19},"end":{"line":59,"column":1}},"12":{"start":{"line":60,"column":32},"end":{"line":62,"column":39}},"13":{"start":{"line":63,"column":19},"end":{"line":65,"column":1}},"14":{"start":{"line":66,"column":19},"end":{"line":68,"column":1}},"15":{"start":{"line":70,"column":33},"end":{"line":70,"column":74}},"16":{"start":{"line":71,"column":2},"end":{"line":93,"column":30}},"17":{"start":{"line":76,"column":37},"end":{"line":91,"column":34}},"18":{"start":{"line":77,"column":6},"end":{"line":80,"column":60}},"19":{"start":{"line":82,"column":6},"end":{"line":84,"column":65}},"20":{"start":{"line":89,"column":39},"end":{"line":89,"column":76}},"21":{"start":{"line":94,"column":2},"end":{"line":94,"column":49}}},"fnMap":{"0":{"name":"render","decl":{"start":{"line":69,"column":9},"end":{"line":69,"column":15}},"loc":{"start":{"line":69,"column":30},"end":{"line":94,"column":1}},"line":69},"1":{"name":"(anonymous_1)","decl":{"start":{"line":76,"column":31},"end":{"line":76,"column":32}},"loc":{"start":{"line":76,"column":37},"end":{"line":91,"column":34}},"line":76},"2":{"name":"(anonymous_2)","decl":{"start":{"line":76,"column":604},"end":{"line":76,"column":605}},"loc":{"start":{"line":76,"column":616},"end":{"line":81,"column":5}},"line":76},"3":{"name":"(anonymous_3)","decl":{"start":{"line":81,"column":370},"end":{"line":81,"column":371}},"loc":{"start":{"line":81,"column":387},"end":{"line":85,"column":5}},"line":81},"4":{"name":"(anonymous_4)","decl":{"start":{"line":89,"column":33},"end":{"line":89,"column":34}},"loc":{"start":{"line":89,"column":39},"end":{"line":89,"column":76}},"line":89}},"branchMap":{},"s":{"0":2,"1":2,"2":2,"3":2,"4":2,"5":2,"6":2,"7":2,"8":2,"9":2,"10":2,"11":2,"12":2,"13":2,"14":2,"15":5,"16":5,"17":5,"18":2,"19":2,"20":5,"21":2},"f":{"0":5,"1":5,"2":2,"3":2,"4":5},"b":{},"inputSourceMap":{"0":"{","1":"\"","2":"v","3":"e","4":"r","5":"s","6":"i","7":"o","8":"n","9":"\"","10":":","11":"3","12":",","13":"\"","14":"s","15":"o","16":"u","17":"r","18":"c","19":"e","20":"s","21":"\"","22":":","23":"[","24":"\"","25":"/","26":"h","27":"o","28":"m","29":"e","30":"/","31":"m","32":"a","33":"c","34":"-","35":"b","36":"o","37":"o","38":"k","39":"/","40":"M","41":"u","42":"s","43":"i","44":"c","45":"/","46":"j","47":"o","48":"b","49":"-","50":"f","51":"i","52":"n","53":"d","54":"e","55":"r","56":"/","57":"s","58":"r","59":"c","60":"/","61":"c","62":"o","63":"m","64":"p","65":"o","66":"n","67":"e","68":"n","69":"t","70":"s","71":"/","72":"J","73":"o","74":"b","75":"R","76":"e","77":"s","78":"u","79":"l","80":"t","81":"s","82":"/","83":"J","84":"o","85":"b","86":"L","87":"i","88":"s","89":"t","90":"i","91":"n","92":"g","93":".","94":"v","95":"u","96":"e","97":"\"","98":"]","99":",","100":"\"","101":"n","102":"a","103":"m","104":"e","105":"s","106":"\"","107":":","108":"[","109":"]","110":",","111":"\"","112":"m","113":"a","114":"p","115":"p","116":"i","117":"n","118":"g","119":"s","120":"\"","121":":","122":"\"","123":";","124":";","125":";","126":";","127":";","128":";","129":";","130":"A","131":"A","132":"8","133":"C","134":"A","135":";","136":"A","137":"A","138":"A","139":"A","140":";","141":"A","142":"A","143":"A","144":"A","145":";","146":"A","147":"A","148":"A","149":"+","150":"B","151":";","152":"A","153":"A","154":"A","155":"A","156":",","157":"e","158":"A","159":"E","160":"h","161":"B","162":";","163":"E","164":"A","165":"C","166":"b","167":",","168":"I","169":"A","170":"A","171":"I","172":",","173":"E","174":"A","175":"A","176":"E","177":",","178":"Y","179":"A","180":"A","181":"Y","182":";","183":"E","184":"A","185":"C","186":"l","187":"B","188":",","189":"K","190":"A","191":"A","192":"K","193":",","194":"E","195":"A","196":"A","197":"E","198":";","199":"I","200":"A","201":"C","202":"L","203":",","204":"G","205":"A","206":"A","207":"G","208":",","209":"E","210":"A","211":"A","212":"E","213":";","214":"M","215":"A","216":"C","217":"H","218":",","219":"I","220":"A","221":"A","222":"I","223":",","224":"E","225":"A","226":"A","227":"E","228":",","229":"M","230":"A","231":"A","232":"M","233":";","234":"M","235":"A","236":"C","237":"Z","238":",","239":"Q","240":"A","241":"A","242":"Q","243":",","244":"E","245":"A","246":"A","247":"E","248":";","249":"I","250":"A","251":"C","252":"Z","253":";","254":"E","255":"A","256":"C","257":"F","258":",","259":"C","260":"A","261":"A","262":"C","263":";","264":"E","265":"A","266":"C","267":"D","268":",","269":"K","270":"A","271":"A","272":"K","273":",","274":"C","275":"A","276":"A","277":"C","278":",","279":"K","280":"A","281":"A","282":"K","283":",","284":"E","285":"A","286":"A","287":"E","288":";","289":"I","290":"A","291":"C","292":"X","293":",","294":"M","295":"A","296":"A","297":"M","298":",","299":"W","300":"A","301":"A","302":"W","303":";","304":"I","305":"A","306":"A","307":"G","308":";","309":"I","310":"A","311":"A","312":"A","313":";","314":"I","315":"A","316":"A","317":"A","318":";","319":"I","320":"A","321":"A","322":"A","323":";","324":"I","325":"A","326":"A","327":"A","328":";","329":"I","330":"A","331":"A","332":"A","333":",","334":"Q","335":"A","336":"A","337":"Q","338":",","339":"E","340":"A","341":"A","342":"C","343":",","344":"M","345":"A","346":"A","347":"O","348":",","349":"i","350":"B","351":"A","352":"A","353":"g","354":"B","355":",","356":"K","357":"A","358":"A","359":"K","360":",","361":"C","362":"A","363":"A","364":"C","365":",","366":"G","367":"A","368":"A","369":"G","370":",","371":"C","372":"A","373":"A","374":"C","375":",","376":"E","377":"A","378":"A","379":"G","380":",","381":"E","382":"A","383":"A","384":"C","385":",","386":"C","387":"A","388":"A","389":"C","390":";","391":"I","392":"A","393":"C","394":"n","395":"E","396":",","397":"O","398":"A","399":"A","400":"O","401":";","402":"M","403":"A","404":"A","405":"E","406":";","407":"I","408":"A","409":"A","410":"Y","411":",","412":"C","413":"A","414":"A","415":"C","416":";","417":"E","418":"A","419":"C","420":"x","421":"B","422":";","423":"A","424":"A","425":"C","426":"F","427":",","428":"C","429":"A","430":"A","431":"C","432":";","433":"A","434":"A","435":"A","436":"A","437":";","438":"A","439":"A","440":"A","441":"A","442":"\"","443":",","444":"\"","445":"f","446":"i","447":"l","448":"e","449":"\"","450":":","451":"\"","452":"/","453":"h","454":"o","455":"m","456":"e","457":"/","458":"m","459":"a","460":"c","461":"-","462":"b","463":"o","464":"o","465":"k","466":"/","467":"M","468":"u","469":"s","470":"i","471":"c","472":"/","473":"j","474":"o","475":"b","476":"-","477":"f","478":"i","479":"n","480":"d","481":"e","482":"r","483":"/","484":"s","485":"r","486":"c","487":"/","488":"c","489":"o","490":"m","491":"p","492":"o","493":"n","494":"e","495":"n","496":"t","497":"s","498":"/","499":"J","500":"o","501":"b","502":"R","503":"e","504":"s","505":"u","506":"l","507":"t","508":"s","509":"/","510":"J","511":"o","512":"b","513":"L","514":"i","515":"s","516":"t","517":"i","518":"n","519":"g","520":".","521":"v","522":"u","523":"e","524":"\"","525":",","526":"\"","527":"s","528":"o","529":"u","530":"r","531":"c","532":"e","533":"s","534":"C","535":"o","536":"n","537":"t","538":"e","539":"n","540":"t","541":"\"","542":":","543":"[","544":"\"","545":"<","546":"t","547":"e","548":"m","549":"p","550":"l","551":"a","552":"t","553":"e","554":">","555":"\\","556":"r","557":"\\","558":"n","559":" ","560":" ","561":"<","562":"l","563":"i","564":" ","565":"c","566":"l","567":"a","568":"s","569":"s","570":"=","571":"\\","572":"\"","573":"m","574":"b","575":"-","576":"7","577":"\\","578":"\"","579":">","580":"\\","581":"r","582":"\\","583":"n","584":" ","585":" ","586":" ","587":" ","588":"<","589":"r","590":"o","591":"u","592":"t","593":"e","594":"r","595":"-","596":"l","597":"i","598":"n","599":"k","600":" ","601":":","602":"t","603":"o","604":"=","605":"\\","606":"\"","607":"j","608":"o","609":"b","610":"P","611":"a","612":"g","613":"e","614":"L","615":"i","616":"n","617":"k","618":"\\","619":"\"","620":" ","621":"c","622":"l","623":"a","624":"s","625":"s","626":"=","627":"\\","628":"\"","629":"b","630":"l","631":"o","632":"c","633":"k","634":" ","635":"m","636":"x","637":"-","638":"a","639":"u","640":"t","641":"o","642":" ","643":"b","644":"g","645":"-","646":"w","647":"h","648":"i","649":"t","650":"e","651":" ","652":"\\","653":"r","654":"\\","655":"n","656":" ","657":" ","658":" ","659":" ","660":" ","661":" ","662":" ","663":" ","664":"b","665":"o","666":"r","667":"d","668":"e","669":"r","670":" ","671":"b","672":"o","673":"r","674":"d","675":"e","676":"r","677":"-","678":"s","679":"o","680":"l","681":"i","682":"d","683":"\\","684":"r","685":"\\","686":"n","687":" ","688":" ","689":" ","690":" ","691":" ","692":" ","693":" ","694":" ","695":"s","696":"h","697":"a","698":"d","699":"o","700":"w","701":"\\","702":"r","703":"\\","704":"n","705":" ","706":" ","707":" ","708":" ","709":" ","710":" ","711":"b","712":"o","713":"r","714":"d","715":"e","716":"r","717":"-","718":"b","719":"r","720":"a","721":"n","722":"d","723":"-","724":"g","725":"r","726":"a","727":"y","728":"-","729":"2","730":"\\","731":"r","732":"\\","733":"n","734":" ","735":" ","736":" ","737":" ","738":" ","739":" ","740":" ","741":" ","742":"r","743":"o","744":"u","745":"n","746":"d","747":"e","748":"d","749":" ","750":"h","751":"o","752":"v","753":"e","754":"r","755":":","756":"s","757":"h","758":"a","759":"d","760":"o","761":"w","762":"-","763":"g","764":"r","765":"a","766":"y","767":"\\","768":"\"","769":"\\","770":"r","771":"\\","772":"n","773":" ","774":" ","775":" ","776":" ","777":" ","778":" ","779":" ","780":" ","781":"d","782":"a","783":"t","784":"a","785":"-","786":"t","787":"e","788":"s","789":"t","790":"=","791":"'","792":"j","793":"o","794":"b","795":"-","796":"p","797":"a","798":"g","799":"e","800":"-","801":"l","802":"i","803":"n","804":"k","805":"'","806":"\\","807":"r","808":"\\","809":"n","810":" ","811":" ","812":" ","813":" ","814":" ","815":" ","816":">","817":"\\","818":"r","819":"\\","820":"n","821":" ","822":" ","823":" ","824":" ","825":" ","826":" ","827":"<","828":"d","829":"i","830":"v","831":" ","832":"c","833":"l","834":"a","835":"s","836":"s","837":"=","838":"\\","839":"\"","840":"p","841":"t","842":"-","843":"5","844":" ","845":"p","846":"b","847":"-","848":"2","849":" ","850":"m","851":"x","852":"-","853":"8","854":" ","855":"b","856":"o","857":"r","858":"d","859":"e","860":"r","861":"-","862":"b","863":" ","864":"b","865":"o","866":"r","867":"d","868":"e","869":"r","870":"-","871":"s","872":"o","873":"l","874":"i","875":"d","876":" ","877":"b","878":"o","879":"r","880":"d","881":"e","882":"r","883":"-","884":"b","885":"r","886":"a","887":"n","888":"d","889":"-","890":"g","891":"r","892":"a","893":"y","894":"-","895":"2","896":"\\","897":"\"","898":">","899":"\\","900":"r","901":"\\","902":"n","903":" ","904":" ","905":" ","906":" ","907":" ","908":" ","909":" ","910":" ","911":"<","912":"h","913":"2","914":" ","915":"c","916":"l","917":"a","918":"s","919":"s","920":"=","921":"\\","922":"\"","923":"m","924":"b","925":"-","926":"2","927":" ","928":"t","929":"e","930":"x","931":"t","932":"-","933":"2","934":"x","935":"l","936":"\\","937":"\"","938":">","939":"\\","940":"r","941":"\\","942":"n","943":" ","944":" ","945":" ","946":" ","947":" ","948":" ","949":" ","950":" ","951":" ","952":" ","953":"{","954":"{","955":" ","956":"j","957":"o","958":"b","959":".","960":"t","961":"i","962":"t","963":"l","964":"e","965":" ","966":"}","967":"}","968":"\\","969":"r","970":"\\","971":"n","972":" ","973":" ","974":" ","975":" ","976":" ","977":" ","978":" ","979":" ","980":"<","981":"/","982":"h","983":"2","984":">","985":"\\","986":"r","987":"\\","988":"n","989":" ","990":" ","991":" ","992":" ","993":" ","994":" ","995":" ","996":" ","997":"<","998":"d","999":"i","1000":"v","1001":" ","1002":"c","1003":"l","1004":"a","1005":"s","1006":"s","1007":"=","1008":"\\","1009":"\"","1010":"f","1011":"l","1012":"e","1013":"x","1014":" ","1015":"f","1016":"l","1017":"e","1018":"x","1019":"-","1020":"r","1021":"o","1022":"w","1023":" ","1024":"a","1025":"l","1026":"i","1027":"g","1028":"n","1029":"-","1030":"m","1031":"i","1032":"d","1033":"d","1034":"l","1035":"e","1036":"\\","1037":"\"","1038":">","1039":"\\","1040":"r","1041":"\\","1042":"n","1043":" ","1044":" ","1045":" ","1046":" ","1047":" ","1048":" ","1049":" ","1050":" ","1051":" ","1052":" ","1053":"<","1054":"d","1055":"i","1056":"v","1057":" ","1058":"c","1059":"l","1060":"a","1061":"s","1062":"s","1063":"=","1064":"\\","1065":"\"","1066":"m","1067":"r","1068":"-","1069":"5","1070":"\\","1071":"\"","1072":">","1073":"\\","1074":"r","1075":"\\","1076":"n","1077":" ","1078":" ","1079":" ","1080":" ","1081":" ","1082":" ","1083":" ","1084":" ","1085":" ","1086":" ","1087":" ","1088":" ","1089":"<","1090":"s","1091":"p","1092":"a","1093":"n","1094":">","1095":"{","1096":"{","1097":"j","1098":"o","1099":"b","1100":".","1101":"o","1102":"r","1103":"g","1104":"a","1105":"n","1106":"i","1107":"z","1108":"a","1109":"t","1110":"i","1111":"o","1112":"n","1113":"}","1114":"}","1115":"<","1116":"/","1117":"s","1118":"p","1119":"a","1120":"n","1121":">","1122":"\\","1123":"r","1124":"\\","1125":"n","1126":" ","1127":" ","1128":" ","1129":" ","1130":" ","1131":" ","1132":" ","1133":" ","1134":" ","1135":" ","1136":"<","1137":"/","1138":"d","1139":"i","1140":"v","1141":">","1142":"\\","1143":"r","1144":"\\","1145":"n","1146":" ","1147":" ","1148":" ","1149":" ","1150":" ","1151":" ","1152":" ","1153":" ","1154":" ","1155":" ","1156":"<","1157":"d","1158":"i","1159":"v","1160":">","1161":"\\","1162":"r","1163":"\\","1164":"n","1165":" ","1166":" ","1167":" ","1168":" ","1169":" ","1170":" ","1171":" ","1172":" ","1173":" ","1174":" ","1175":" ","1176":" ","1177":"<","1178":"u","1179":"l","1180":">","1181":"\\","1182":"r","1183":"\\","1184":"n","1185":" ","1186":" ","1187":" ","1188":" ","1189":" ","1190":" ","1191":" ","1192":" ","1193":" ","1194":" ","1195":" ","1196":" ","1197":" ","1198":" ","1199":"<","1200":"l","1201":"i","1202":" ","1203":"v","1204":"-","1205":"f","1206":"o","1207":"r","1208":"=","1209":"\\","1210":"\"","1211":"l","1212":"o","1213":"c","1214":"a","1215":"t","1216":"i","1217":"o","1218":"n","1219":" ","1220":"i","1221":"n","1222":" ","1223":"j","1224":"o","1225":"b","1226":".","1227":"l","1228":"o","1229":"c","1230":"a","1231":"t","1232":"i","1233":"o","1234":"n","1235":"s","1236":"\\","1237":"\"","1238":" ","1239":":","1240":"k","1241":"e","1242":"y","1243":"=","1244":"\\","1245":"\"","1246":"l","1247":"o","1248":"c","1249":"a","1250":"t","1251":"i","1252":"o","1253":"n","1254":"\\","1255":"\"","1256":" ","1257":"c","1258":"l","1259":"a","1260":"s","1261":"s","1262":"=","1263":"\\","1264":"\"","1265":"i","1266":"n","1267":"l","1268":"i","1269":"n","1270":"e","1271":"-","1272":"b","1273":"l","1274":"o","1275":"c","1276":"k","1277":" ","1278":"m","1279":"r","1280":"-","1281":"5","1282":"\\","1283":"\"","1284":">","1285":"\\","1286":"r","1287":"\\","1288":"n","1289":" ","1290":" ","1291":" ","1292":" ","1293":" ","1294":" ","1295":" ","1296":" ","1297":" ","1298":" ","1299":" ","1300":" ","1301":" ","1302":" ","1303":" ","1304":" ","1305":"{","1306":"{","1307":" ","1308":"l","1309":"o","1310":"c","1311":"a","1312":"t","1313":"i","1314":"o","1315":"n","1316":" ","1317":"}","1318":"}","1319":"\\","1320":"r","1321":"\\","1322":"n","1323":" ","1324":" ","1325":" ","1326":" ","1327":" ","1328":" ","1329":" ","1330":" ","1331":" ","1332":" ","1333":" ","1334":" ","1335":" ","1336":" ","1337":"<","1338":"/","1339":"l","1340":"i","1341":">","1342":"\\","1343":"r","1344":"\\","1345":"n","1346":" ","1347":" ","1348":" ","1349":" ","1350":" ","1351":" ","1352":" ","1353":" ","1354":" ","1355":" ","1356":" ","1357":" ","1358":"<","1359":"/","1360":"u","1361":"l","1362":">","1363":"\\","1364":"r","1365":"\\","1366":"n","1367":" ","1368":" ","1369":" ","1370":" ","1371":" ","1372":" ","1373":" ","1374":" ","1375":" ","1376":" ","1377":"<","1378":"/","1379":"d","1380":"i","1381":"v","1382":">","1383":"\\","1384":"r","1385":"\\","1386":"n","1387":" ","1388":" ","1389":" ","1390":" ","1391":" ","1392":" ","1393":" ","1394":" ","1395":"<","1396":"/","1397":"d","1398":"i","1399":"v","1400":">","1401":"\\","1402":"r","1403":"\\","1404":"n","1405":" ","1406":" ","1407":" ","1408":" ","1409":" ","1410":" ","1411":"<","1412":"/","1413":"d","1414":"i","1415":"v","1416":">","1417":"\\","1418":"r","1419":"\\","1420":"n","1421":" ","1422":" ","1423":" ","1424":" ","1425":" ","1426":" ","1427":"<","1428":"d","1429":"i","1430":"v","1431":" ","1432":"c","1433":"l","1434":"a","1435":"s","1436":"s","1437":"=","1438":"\\","1439":"\"","1440":"p","1441":"x","1442":"-","1443":"8","1444":" ","1445":"p","1446":"y","1447":"-","1448":"4","1449":"\\","1450":"\"","1451":">","1452":"\\","1453":"r","1454":"\\","1455":"n","1456":" ","1457":" ","1458":" ","1459":" ","1460":" ","1461":" ","1462":" ","1463":" ","1464":"<","1465":"d","1466":"i","1467":"v","1468":">","1469":"\\","1470":"r","1471":"\\","1472":"n","1473":" ","1474":" ","1475":" ","1476":" ","1477":" ","1478":" ","1479":" ","1480":" ","1481":" ","1482":" ","1483":"<","1484":"h","1485":"3","1486":" ","1487":"c","1488":"l","1489":"a","1490":"s","1491":"s","1492":"=","1493":"\\","1494":"\"","1495":"m","1496":"t","1497":"-","1498":"1","1499":" ","1500":"m","1501":"b","1502":"-","1503":"2","1504":"\\","1505":"\"","1506":">","1507":"Q","1508":"u","1509":"a","1510":"l","1511":"i","1512":"f","1513":"i","1514":"c","1515":"a","1516":"t","1517":"i","1518":"o","1519":"n","1520":"s","1521":":","1522":"<","1523":"/","1524":"h","1525":"3","1526":">","1527":"\\","1528":"r","1529":"\\","1530":"n","1531":" ","1532":" ","1533":" ","1534":" ","1535":" ","1536":" ","1537":" ","1538":" ","1539":" ","1540":" ","1541":"<","1542":"d","1543":"i","1544":"v","1545":">","1546":"\\","1547":"r","1548":"\\","1549":"n","1550":" ","1551":" ","1552":" ","1553":" ","1554":" ","1555":" ","1556":" ","1557":" ","1558":" ","1559":" ","1560":" ","1561":" ","1562":"<","1563":"u","1564":"l","1565":" ","1566":"c","1567":"l","1568":"a","1569":"s","1570":"s","1571":"=","1572":"\\","1573":"\"","1574":"p","1575":"l","1576":"-","1577":"8","1578":" ","1579":"l","1580":"i","1581":"s","1582":"t","1583":"-","1584":"d","1585":"i","1586":"s","1587":"c","1588":"\\","1589":"\"","1590":">","1591":"\\","1592":"r","1593":"\\","1594":"n","1595":" ","1596":" ","1597":" ","1598":" ","1599":" ","1600":" ","1601":" ","1602":" ","1603":" ","1604":" ","1605":" ","1606":" ","1607":" ","1608":" ","1609":"<","1610":"l","1611":"i","1612":" ","1613":"v","1614":"-","1615":"f","1616":"o","1617":"r","1618":"=","1619":"\\","1620":"\"","1621":"q","1622":"u","1623":"a","1624":"l","1625":"i","1626":"f","1627":"i","1628":"c","1629":"a","1630":"t","1631":"i","1632":"o","1633":"n","1634":" ","1635":"i","1636":"n","1637":" ","1638":"j","1639":"o","1640":"b","1641":".","1642":"m","1643":"i","1644":"n","1645":"i","1646":"m","1647":"u","1648":"m","1649":"Q","1650":"u","1651":"a","1652":"l","1653":"i","1654":"f","1655":"i","1656":"c","1657":"a","1658":"t","1659":"i","1660":"o","1661":"n","1662":"s","1663":"\\","1664":"\"","1665":" ","1666":":","1667":"k","1668":"e","1669":"y","1670":"=","1671":"\\","1672":"\"","1673":"q","1674":"u","1675":"a","1676":"l","1677":"i","1678":"f","1679":"i","1680":"c","1681":"a","1682":"t","1683":"i","1684":"o","1685":"n","1686":"\\","1687":"\"","1688":">","1689":"\\","1690":"r","1691":"\\","1692":"n","1693":" ","1694":" ","1695":" ","1696":" ","1697":" ","1698":" ","1699":" ","1700":" ","1701":" ","1702":" ","1703":" ","1704":" ","1705":" ","1706":" ","1707":" ","1708":" ","1709":"{","1710":"{","1711":" ","1712":"q","1713":"u","1714":"a","1715":"l","1716":"i","1717":"f","1718":"i","1719":"c","1720":"a","1721":"t","1722":"i","1723":"o","1724":"n","1725":" ","1726":"}","1727":"}","1728":"\\","1729":"r","1730":"\\","1731":"n","1732":" ","1733":" ","1734":" ","1735":" ","1736":" ","1737":" ","1738":" ","1739":" ","1740":" ","1741":" ","1742":" ","1743":" ","1744":" ","1745":" ","1746":"<","1747":"/","1748":"l","1749":"i","1750":">","1751":"\\","1752":"r","1753":"\\","1754":"n","1755":" ","1756":" ","1757":" ","1758":" ","1759":" ","1760":" ","1761":" ","1762":" ","1763":" ","1764":" ","1765":" ","1766":" ","1767":"<","1768":"/","1769":"u","1770":"l","1771":">","1772":"\\","1773":"r","1774":"\\","1775":"n","1776":" ","1777":" ","1778":" ","1779":" ","1780":" ","1781":" ","1782":" ","1783":" ","1784":" ","1785":" ","1786":"<","1787":"/","1788":"d","1789":"i","1790":"v","1791":">","1792":"\\","1793":"r","1794":"\\","1795":"n","1796":" ","1797":" ","1798":" ","1799":" ","1800":" ","1801":" ","1802":" ","1803":" ","1804":"<","1805":"/","1806":"d","1807":"i","1808":"v","1809":">","1810":"\\","1811":"r","1812":"\\","1813":"n","1814":" ","1815":" ","1816":" ","1817":" ","1818":" ","1819":" ","1820":" ","1821":" ","1822":"<","1823":"d","1824":"i","1825":"v","1826":" ","1827":"c","1828":"l","1829":"a","1830":"s","1831":"s","1832":"=","1833":"\\","1834":"\"","1835":"m","1836":"t","1837":"-","1838":"2","1839":" ","1840":"t","1841":"e","1842":"x","1843":"t","1844":"-","1845":"c","1846":"e","1847":"n","1848":"t","1849":"e","1850":"r","1851":"\\","1852":"\"","1853":">","1854":"\\","1855":"r","1856":"\\","1857":"n","1858":" ","1859":" ","1860":" ","1861":" ","1862":" ","1863":" ","1864":" ","1865":" ","1866":" ","1867":" ","1868":"<","1869":"r","1870":"o","1871":"u","1872":"t","1873":"e","1874":"r","1875":"-","1876":"l","1877":"i","1878":"n","1879":"k","1880":" ","1881":":","1882":"t","1883":"o","1884":"=","1885":"\\","1886":"\"","1887":"j","1888":"o","1889":"b","1890":"P","1891":"a","1892":"g","1893":"e","1894":"L","1895":"i","1896":"n","1897":"k","1898":"\\","1899":"\"","1900":" ","1901":"c","1902":"l","1903":"a","1904":"s","1905":"s","1906":"=","1907":"\\","1908":"\"","1909":"t","1910":"e","1911":"x","1912":"t","1913":"-","1914":"b","1915":"r","1916":"a","1917":"n","1918":"d","1919":"-","1920":"b","1921":"l","1922":"u","1923":"e","1924":"-","1925":"1","1926":"\\","1927":"\"","1928":">","1929":"E","1930":"x","1931":"p","1932":"a","1933":"n","1934":"d","1935":"<","1936":"/","1937":"r","1938":"o","1939":"u","1940":"t","1941":"e","1942":"r","1943":"-","1944":"l","1945":"i","1946":"n","1947":"k","1948":">","1949":"\\","1950":"r","1951":"\\","1952":"n","1953":" ","1954":" ","1955":" ","1956":" ","1957":" ","1958":" ","1959":" ","1960":" ","1961":"<","1962":"/","1963":"d","1964":"i","1965":"v","1966":">","1967":"\\","1968":"r","1969":"\\","1970":"n","1971":" ","1972":" ","1973":" ","1974":" ","1975":" ","1976":" ","1977":"<","1978":"/","1979":"d","1980":"i","1981":"v","1982":">","1983":"\\","1984":"r","1985":"\\","1986":"n","1987":" ","1988":" ","1989":" ","1990":" ","1991":"<","1992":"/","1993":"r","1994":"o","1995":"u","1996":"t","1997":"e","1998":"r","1999":"-","2000":"l","2001":"i","2002":"n","2003":"k","2004":">","2005":"\\","2006":"r","2007":"\\","2008":"n","2009":" ","2010":" ","2011":"<","2012":"/","2013":"l","2014":"i","2015":">","2016":"\\","2017":"r","2018":"\\","2019":"n","2020":"<","2021":"/","2022":"t","2023":"e","2024":"m","2025":"p","2026":"l","2027":"a","2028":"t","2029":"e","2030":">","2031":"\\","2032":"r","2033":"\\","2034":"n","2035":"\\","2036":"r","2037":"\\","2038":"n","2039":"<","2040":"s","2041":"c","2042":"r","2043":"i","2044":"p","2045":"t","2046":">","2047":"\\","2048":"r","2049":"\\","2050":"n","2051":"i","2052":"m","2053":"p","2054":"o","2055":"r","2056":"t","2057":" ","2058":"{","2059":" ","2060":"c","2061":"o","2062":"m","2063":"p","2064":"u","2065":"t","2066":"e","2067":"d","2068":" ","2069":"}","2070":" ","2071":"f","2072":"r","2073":"o","2074":"m","2075":" ","2076":"'","2077":"v","2078":"u","2079":"e","2080":"'","2081":";","2082":"\\","2083":"r","2084":"\\","2085":"n","2086":"\\","2087":"r","2088":"\\","2089":"n","2090":"e","2091":"x","2092":"p","2093":"o","2094":"r","2095":"t","2096":" ","2097":"d","2098":"e","2099":"f","2100":"a","2101":"u","2102":"l","2103":"t","2104":" ","2105":"{","2106":"\\","2107":"r","2108":"\\","2109":"n","2110":" ","2111":" ","2112":"n","2113":"a","2114":"m","2115":"e","2116":":","2117":" ","2118":"'","2119":"J","2120":"o","2121":"b","2122":"L","2123":"i","2124":"s","2125":"t","2126":"i","2127":"n","2128":"g","2129":"'","2130":",","2131":"\\","2132":"r","2133":"\\","2134":"n","2135":" ","2136":" ","2137":"p","2138":"r","2139":"o","2140":"p","2141":"s","2142":":","2143":" ","2144":"{","2145":"\\","2146":"r","2147":"\\","2148":"n","2149":" ","2150":" ","2151":" ","2152":" ","2153":"j","2154":"o","2155":"b","2156":":","2157":" ","2158":"{","2159":"\\","2160":"r","2161":"\\","2162":"n","2163":" ","2164":" ","2165":" ","2166":" ","2167":" ","2168":" ","2169":"t","2170":"y","2171":"p","2172":"e","2173":":","2174":" ","2175":"O","2176":"b","2177":"j","2178":"e","2179":"c","2180":"t","2181":",","2182":"\\","2183":"r","2184":"\\","2185":"n","2186":" ","2187":" ","2188":" ","2189":" ","2190":" ","2191":" ","2192":"r","2193":"e","2194":"q","2195":"u","2196":"i","2197":"r","2198":"e","2199":"d","2200":":","2201":" ","2202":"t","2203":"r","2204":"u","2205":"e","2206":"\\","2207":"r","2208":"\\","2209":"n","2210":" ","2211":" ","2212":" ","2213":" ","2214":"}","2215":"\\","2216":"r","2217":"\\","2218":"n","2219":" ","2220":" ","2221":"}","2222":",","2223":"\\","2224":"r","2225":"\\","2226":"n","2227":" ","2228":" ","2229":"s","2230":"e","2231":"t","2232":"u","2233":"p","2234":"(","2235":"p","2236":"r","2237":"o","2238":"p","2239":"s","2240":")","2241":" ","2242":"{","2243":"\\","2244":"r","2245":"\\","2246":"n","2247":" ","2248":" ","2249":" ","2250":" ","2251":"c","2252":"o","2253":"n","2254":"s","2255":"t","2256":" ","2257":"j","2258":"o","2259":"b","2260":"P","2261":"a","2262":"g","2263":"e","2264":"L","2265":"i","2266":"n","2267":"k","2268":" ","2269":"=","2270":" ","2271":"c","2272":"o","2273":"m","2274":"p","2275":"u","2276":"t","2277":"e","2278":"d","2279":"(","2280":"(","2281":")","2282":" ","2283":"=","2284":">","2285":" ","2286":"`","2287":"/","2288":"j","2289":"o","2290":"b","2291":"s","2292":"/","2293":"r","2294":"e","2295":"s","2296":"u","2297":"l","2298":"t","2299":"s","2300":"/","2301":"$","2302":"{","2303":"p","2304":"r","2305":"o","2306":"p","2307":"s","2308":".","2309":"j","2310":"o","2311":"b","2312":".","2313":"i","2314":"d","2315":"}","2316":"`","2317":")","2318":"\\","2319":"r","2320":"\\","2321":"n","2322":" ","2323":" ","2324":" ","2325":" ","2326":"r","2327":"e","2328":"t","2329":"u","2330":"r","2331":"n","2332":" ","2333":"{","2334":" ","2335":"j","2336":"o","2337":"b","2338":"P","2339":"a","2340":"g","2341":"e","2342":"L","2343":"i","2344":"n","2345":"k","2346":" ","2347":"}","2348":"\\","2349":"r","2350":"\\","2351":"n","2352":" ","2353":" ","2354":"}","2355":",","2356":"\\","2357":"r","2358":"\\","2359":"n","2360":"}","2361":"\\","2362":"r","2363":"\\","2364":"n","2365":"<","2366":"/","2367":"s","2368":"c","2369":"r","2370":"i","2371":"p","2372":"t","2373":">","2374":"\"","2375":"]","2376":"}"},"_coverageSchema":"1a1c01bbd47fc00a2c39e90264f33305004495a9","hash":"b20746c6798975de71d510b34e7f1e8e9e618a55"}
,"/home/mac-book/Music/job-finder/src/components/JobResults/JobListings.vue": {"path":"/home/mac-book/Music/job-finder/src/components/JobResults/JobListings.vue","statementMap":{"0":{"start":{"line":4,"column":29},"end":{"line":4,"column":140}},"1":{"start":{"line":5,"column":0},"end":{"line":7,"column":3}},"2":{"start":{"line":8,"column":0},"end":{"line":8,"column":25}},"3":{"start":{"line":108,"column":0},"end":{"line":108,"column":13}},"4":{"start":{"line":110,"column":0},"end":{"line":112,"column":3}},"5":{"start":{"line":113,"column":0},"end":{"line":113,"column":24}},"6":{"start":{"line":114,"column":11},"end":{"line":114,"column":25}},"7":{"start":{"line":115,"column":19},"end":{"line":117,"column":1}},"8":{"start":{"line":118,"column":19},"end":{"line":120,"column":1}},"9":{"start":{"line":121,"column":19},"end":{"line":123,"column":1}},"10":{"start":{"line":124,"column":19},"end":{"line":126,"column":1}},"11":{"start":{"line":127,"column":19},"end":{"line":129,"column":1}},"12":{"start":{"line":131,"column":32},"end":{"line":131,"column":72}},"13":{"start":{"line":132,"column":33},"end":{"line":132,"column":74}},"14":{"start":{"line":133,"column":2},"end":{"line":165,"column":82}},"15":{"start":{"line":134,"column":4},"end":{"line":138,"column":37}},"16":{"start":{"line":150,"column":37},"end":{"line":150,"column":76}},"17":{"start":{"line":163,"column":37},"end":{"line":163,"column":72}},"18":{"start":{"line":166,"column":2},"end":{"line":166,"column":49}}},"fnMap":{"0":{"name":"render","decl":{"start":{"line":130,"column":9},"end":{"line":130,"column":15}},"loc":{"start":{"line":130,"column":30},"end":{"line":166,"column":1}},"line":130},"1":{"name":"(anonymous_1)","decl":{"start":{"line":133,"column":243},"end":{"line":133,"column":244}},"loc":{"start":{"line":133,"column":250},"end":{"line":139,"column":3}},"line":133},"2":{"name":"(anonymous_2)","decl":{"start":{"line":150,"column":31},"end":{"line":150,"column":32}},"loc":{"start":{"line":150,"column":37},"end":{"line":150,"column":76}},"line":150},"3":{"name":"(anonymous_3)","decl":{"start":{"line":163,"column":31},"end":{"line":163,"column":32}},"loc":{"start":{"line":163,"column":37},"end":{"line":163,"column":72}},"line":163}},"branchMap":{"0":{"loc":{"start":{"line":139,"column":299},"end":{"line":152,"column":73}},"type":"cond-expr","locations":[{"start":{"line":139,"column":320},"end":{"line":152,"column":27}},{"start":{"line":152,"column":31},"end":{"line":152,"column":73}}],"line":139},"1":{"loc":{"start":{"line":152,"column":75},"end":{"line":165,"column":73}},"type":"cond-expr","locations":[{"start":{"line":152,"column":92},"end":{"line":165,"column":27}},{"start":{"line":165,"column":31},"end":{"line":165,"column":73}}],"line":152}},"s":{"0":1,"1":1,"2":1,"3":1,"4":1,"5":1,"6":1,"7":1,"8":1,"9":1,"10":1,"11":1,"12":1,"13":1,"14":1,"15":10,"16":0,"17":1,"18":1},"f":{"0":1,"1":10,"2":0,"3":1},"b":{"0":[0,1],"1":[1,0]},"inputSourceMap":{"0":"{","1":"\"","2":"v","3":"e","4":"r","5":"s","6":"i","7":"o","8":"n","9":"\"","10":":","11":"3","12":",","13":"\"","14":"s","15":"o","16":"u","17":"r","18":"c","19":"e","20":"s","21":"\"","22":":","23":"[","24":"\"","25":"/","26":"h","27":"o","28":"m","29":"e","30":"/","31":"m","32":"a","33":"c","34":"-","35":"b","36":"o","37":"o","38":"k","39":"/","40":"M","41":"u","42":"s","43":"i","44":"c","45":"/","46":"j","47":"o","48":"b","49":"-","50":"f","51":"i","52":"n","53":"d","54":"e","55":"r","56":"/","57":"s","58":"r","59":"c","60":"/","61":"c","62":"o","63":"m","64":"p","65":"o","66":"n","67":"e","68":"n","69":"t","70":"s","71":"/","72":"J","73":"o","74":"b","75":"R","76":"e","77":"s","78":"u","79":"l","80":"t","81":"s","82":"/","83":"J","84":"o","85":"b","86":"L","87":"i","88":"s","89":"t","90":"i","91":"n","92":"g","93":"s","94":".","95":"v","96":"u","97":"e","98":"\"","99":"]","100":",","101":"\"","102":"n","103":"a","104":"m","105":"e","106":"s","107":"\"","108":":","109":"[","110":"]","111":",","112":"\"","113":"m","114":"a","115":"p","116":"p","117":"i","118":"n","119":"g","120":"s","121":"\"","122":":","123":"\"","124":";","125":";","126":";","127":";","128":";","129":";","130":";","131":";","132":"A","133":"A","134":"6","135":"B","136":"A","137":";","138":"A","139":"A","140":"A","141":"A","142":";","143":"A","144":"A","145":"A","146":"A","147":";","148":"A","149":"A","150":"E","151":"A","152":";","153":"A","154":"A","155":"A","156":"A","157":";","158":"A","159":"A","160":"A","161":"A","162":";","163":"A","164":"A","165":"E","166":"A","167":";","168":"A","169":"A","170":"A","171":"A","172":";","173":"A","174":"A","175":"A","176":"A","177":";","178":"A","179":"A","180":"C","181":"A","182":";","183":"A","184":"A","185":"A","186":"A","187":";","188":"A","189":"A","190":"A","191":"A","192":";","193":"A","194":"A","195":"C","196":"A","197":";","198":"A","199":"A","200":"A","201":"A","202":";","203":"A","204":"A","205":"A","206":"A","207":";","208":"A","209":"A","210":"A","211":"2","212":"E","213":";","214":"A","215":"A","216":"A","217":"A","218":",","219":"e","220":"A","221":"E","222":"5","223":"D","224":";","225":"E","226":"A","227":"C","228":"b","229":",","230":"I","231":"A","232":"A","233":"I","234":",","235":"E","236":"A","237":"A","238":"E","239":",","240":"a","241":"A","242":"A","243":"a","244":";","245":"E","246":"A","247":"C","248":"n","249":"B","250":",","251":"U","252":"A","253":"A","254":"U","255":",","256":"E","257":"A","258":"A","259":"E","260":";","261":"I","262":"A","263":"C","264":"V","265":",","266":"U","267":"A","268":"A","269":"U","270":";","271":"I","272":"A","273":"A","274":"V","275":";","276":"I","277":"A","278":"A","279":"A","280":";","281":"I","282":"A","283":"A","284":"A","285":";","286":"I","287":"A","288":"A","289":"A","290":";","291":"E","292":"A","293":"C","294":"F","295":",","296":"C","297":"A","298":"A","299":"C","300":";","301":"E","302":"A","303":"C","304":"D","305":",","306":"K","307":"A","308":"A","309":"K","310":",","311":"G","312":"A","313":"A","314":"G","315":";","316":"I","317":"A","318":"C","319":"N","320":";","321":"I","322":"A","323":"A","324":"A","325":";","326":"I","327":"A","328":"A","329":"A","330":";","331":"I","332":"A","333":"A","334":"A","335":";","336":"I","337":"A","338":"A","339":"A","340":";","341":"I","342":"A","343":"A","344":"A","345":",","346":"S","347":"A","348":"A","349":"S","350":";","351":"I","352":"A","353":"A","354":"C","355":";","356":"I","357":"A","358":"A","359":"A","360":";","361":"I","362":"A","363":"A","364":"A","365":";","366":"I","367":"A","368":"A","369":"A","370":",","371":"o","372":"B","373":"A","374":"A","375":"o","376":"B","377":",","378":"C","379":"A","380":"A","381":"C","382":";","383":"I","384":"A","385":"C","386":"/","387":"B","388":";","389":"I","390":"A","391":"A","392":"A","393":";","394":"I","395":"A","396":"A","397":"A","398":";","399":"I","400":"A","401":"A","402":"A","403":";","404":"I","405":"A","406":"A","407":"A","408":";","409":"I","410":"A","411":"A","412":"A","413":",","414":"S","415":"A","416":"A","417":"S","418":";","419":"I","420":"A","421":"A","422":"C","423":";","424":"I","425":"A","426":"A","427":"A","428":";","429":"I","430":"A","431":"A","432":"A","433":";","434":"I","435":"A","436":"A","437":"A","438":",","439":"u","440":"B","441":"A","442":"A","443":"u","444":"B","445":",","446":"C","447":"A","448":"A","449":"C","450":";","451":"I","452":"A","453":"E","454":"l","455":"C","456":",","457":"M","458":"A","459":"A","460":"M","461":",","462":"Y","463":"A","464":"A","465":"Y","466":";","467":"I","468":"A","469":"A","470":"G","471":";","472":"I","473":"A","474":"A","475":"A","476":";","477":"I","478":"A","479":"A","480":"A","481":";","482":"I","483":"A","484":"A","485":"A","486":";","487":"I","488":"A","489":"A","490":"A","491":";","492":"I","493":"A","494":"A","495":"A","496":",","497":"e","498":"A","499":"A","500":"e","501":",","502":"G","503":"A","504":"A","505":"E","506":";","507":"I","508":"A","509":"C","510":"t","511":"C","512":",","513":"M","514":"A","515":"A","516":"M","517":",","518":"W","519":"A","520":"A","521":"W","522":";","523":"I","524":"A","525":"A","526":"G","527":";","528":"I","529":"A","530":"A","531":"A","532":";","533":"I","534":"A","535":"A","536":"A","537":";","538":"I","539":"A","540":"A","541":"A","542":";","543":"I","544":"A","545":"A","546":"A","547":";","548":"I","549":"A","550":"A","551":"A","552":",","553":"O","554":"A","555":"A","556":"c","557":",","558":"G","559":"A","560":"A","561":"E","562":";","563":"I","564":"A","565":"C","566":"p","567":"C","568":",","569":"M","570":"A","571":"A","572":"M","573":",","574":"O","575":"A","576":"A","577":"O","578":";","579":"I","580":"A","581":"A","582":"G","583":";","584":"I","585":"A","586":"A","587":"A","588":";","589":"I","590":"A","591":"A","592":"A","593":";","594":"I","595":"A","596":"A","597":"A","598":";","599":"I","600":"A","601":"A","602":"A","603":";","604":"I","605":"A","606":"A","607":"A","608":",","609":"Q","610":"A","611":"A","612":"Q","613":",","614":"E","615":"A","616":"A","617":"C","618":",","619":"M","620":"A","621":"A","622":"M","623":",","624":"I","625":"A","626":"A","627":"I","628":",","629":"C","630":"A","631":"A","632":"C","633":",","634":"I","635":"A","636":"A","637":"I","638":",","639":"C","640":"A","641":"A","642":"C","643":",","644":"Y","645":"A","646":"A","647":"Y","648":",","649":"C","650":"A","651":"A","652":"C","653":",","654":"K","655":"A","656":"A","657":"K","658":",","659":"C","660":"A","661":"A","662":"C","663":",","664":"M","665":"A","666":"A","667":"M","668":",","669":"G","670":"A","671":"A","672":"G","673":",","674":"E","675":"A","676":"A","677":"E","678":",","679":"C","680":"A","681":"A","682":"C","683":",","684":"C","685":"A","686":"A","687":"C","688":";","689":"I","690":"A","691":"E","692":"z","693":"E","694":",","695":"M","696":"A","697":"A","698":"M","699":";","700":"M","701":"A","702":"A","703":"C","704":",","705":"Y","706":"A","707":"A","708":"Y","709":";","710":"M","711":"A","712":"A","713":"E","714":";","715":"I","716":"A","717":"A","718":"Q","719":",","720":"C","721":"A","722":"A","723":"C","724":";","725":"I","726":"A","727":"A","728":"G","729":";","730":"I","731":"A","732":"A","733":"A","734":";","735":"I","736":"A","737":"A","738":"A","739":";","740":"I","741":"A","742":"A","743":"A","744":";","745":"I","746":"A","747":"A","748":"A","749":";","750":"I","751":"A","752":"A","753":"A","754":",","755":"O","756":"A","757":"A","758":"u","759":"B","760":",","761":"E","762":"A","763":"C","764":"t","765":"D","766":",","767":"W","768":"A","769":"A","770":"W","771":",","772":"E","773":"A","774":"C","775":"X","776":",","777":"O","778":"A","779":"A","780":"O","781":",","782":"C","783":"A","784":"C","785":"R","786":";","787":"I","788":"A","789":"C","790":"D","791":",","792":"M","793":"A","794":"A","795":"M","796":",","797":"a","798":"A","799":"A","800":"a","801":";","802":"I","803":"A","804":"A","805":"G","806":";","807":"I","808":"A","809":"A","810":"A","811":";","812":"I","813":"A","814":"A","815":"A","816":";","817":"I","818":"A","819":"A","820":"A","821":";","822":"I","823":"A","824":"A","825":"A","826":";","827":"I","828":"A","829":"A","830":"A","831":",","832":"Q","833":"A","834":"A","835":"Q","836":",","837":"E","838":"A","839":"A","840":"C","841":",","842":"M","843":"A","844":"A","845":"M","846":";","847":"M","848":"A","849":"C","850":"n","851":"C","852":",","853":"M","854":"A","855":"A","856":"M","857":",","858":"U","859":"A","860":"A","861":"U","862":",","863":"G","864":"A","865":"A","866":"G","867":",","868":"W","869":"A","870":"A","871":"W","872":",","873":"C","874":"A","875":"A","876":"C","877":",","878":"K","879":"A","880":"A","881":"K","882":";","883":"M","884":"A","885":"C","886":"p","887":"C","888":",","889":"M","890":"A","891":"A","892":"M","893":",","894":"a","895":"A","896":"A","897":"a","898":",","899":"G","900":"A","901":"A","902":"G","903":",","904":"C","905":"A","906":"A","907":"C","908":",","909":"U","910":"A","911":"A","912":"U","913":",","914":"G","915":"A","916":"A","917":"G","918":",","919":"C","920":"A","921":"A","922":"C","923":",","924":"I","925":"A","926":"A","927":"I","928":",","929":"E","930":"A","931":"A","932":"E","933":";","934":"M","935":"A","936":"C","937":"3","938":"C","939":",","940":"M","941":"A","942":"A","943":"M","944":",","945":"Y","946":"A","947":"A","948":"Y","949":",","950":"G","951":"A","952":"A","953":"G","954":",","955":"U","956":"A","957":"A","958":"U","959":",","960":"G","961":"A","962":"A","963":"G","964":",","965":"E","966":"A","967":"A","968":"E","969":";","970":"M","971":"A","972":"C","973":"p","974":"C","975":",","976":"O","977":"A","978":"A","979":"O","980":",","981":"Y","982":"A","983":"A","984":"Y","985":",","986":"C","987":"A","988":"A","989":"C","990":",","991":"K","992":"A","993":"A","994":"K","995":",","996":"C","997":"A","998":"A","999":"C","1000":",","1001":"K","1002":"A","1003":"A","1004":"K","1005":",","1006":"C","1007":"A","1008":"A","1009":"C","1010":",","1011":"a","1012":"A","1013":"A","1014":"a","1015":",","1016":"E","1017":"A","1018":"A","1019":"E","1020":",","1021":"Y","1022":"A","1023":"A","1024":"Y","1025":",","1026":"C","1027":"A","1028":"A","1029":"C","1030":";","1031":"I","1032":"A","1033":"C","1034":"9","1035":"D","1036":",","1037":"C","1038":"A","1039":"A","1040":"C","1041":",","1042":"C","1043":"A","1044":"A","1045":"C","1046":";","1047":"I","1048":"A","1049":"C","1050":"F","1051":",","1052":"O","1053":"A","1054":"A","1055":"O","1056":";","1057":"M","1058":"A","1059":"A","1060":"E","1061":",","1062":"Y","1063":"A","1064":"A","1065":"Y","1066":";","1067":"M","1068":"A","1069":"A","1070":"E","1071":",","1072":"Q","1073":"A","1074":"A","1075":"Q","1076":";","1077":"M","1078":"A","1079":"A","1080":"E","1081":",","1082":"a","1083":"A","1084":"A","1085":"a","1086":";","1087":"M","1088":"A","1089":"A","1090":"E","1091":";","1092":"I","1093":"A","1094":"A","1095":"Y","1096":",","1097":"C","1098":"A","1099":"A","1100":"C","1101":";","1102":"E","1103":"A","1104":"C","1105":"/","1106":"D","1107":";","1108":"A","1109":"A","1110":"C","1111":"F","1112":",","1113":"C","1114":"A","1115":"A","1116":"C","1117":";","1118":"A","1119":"A","1120":"A","1121":"A","1122":";","1123":"A","1124":"A","1125":"A","1126":"A","1127":"\"","1128":",","1129":"\"","1130":"f","1131":"i","1132":"l","1133":"e","1134":"\"","1135":":","1136":"\"","1137":"/","1138":"h","1139":"o","1140":"m","1141":"e","1142":"/","1143":"m","1144":"a","1145":"c","1146":"-","1147":"b","1148":"o","1149":"o","1150":"k","1151":"/","1152":"M","1153":"u","1154":"s","1155":"i","1156":"c","1157":"/","1158":"j","1159":"o","1160":"b","1161":"-","1162":"f","1163":"i","1164":"n","1165":"d","1166":"e","1167":"r","1168":"/","1169":"s","1170":"r","1171":"c","1172":"/","1173":"c","1174":"o","1175":"m","1176":"p","1177":"o","1178":"n","1179":"e","1180":"n","1181":"t","1182":"s","1183":"/","1184":"J","1185":"o","1186":"b","1187":"R","1188":"e","1189":"s","1190":"u","1191":"l","1192":"t","1193":"s","1194":"/","1195":"J","1196":"o","1197":"b","1198":"L","1199":"i","1200":"s","1201":"t","1202":"i","1203":"n","1204":"g","1205":"s","1206":".","1207":"v","1208":"u","1209":"e","1210":"\"","1211":",","1212":"\"","1213":"s","1214":"o","1215":"u","1216":"r","1217":"c","1218":"e","1219":"s","1220":"C","1221":"o","1222":"n","1223":"t","1224":"e","1225":"n","1226":"t","1227":"\"","1228":":","1229":"[","1230":"\"","1231":"<","1232":"t","1233":"e","1234":"m","1235":"p","1236":"l","1237":"a","1238":"t","1239":"e","1240":">","1241":"\\","1242":"r","1243":"\\","1244":"n","1245":" ","1246":" ","1247":"<","1248":"m","1249":"a","1250":"i","1251":"n","1252":" ","1253":"c","1254":"l","1255":"a","1256":"s","1257":"s","1258":"=","1259":"\\","1260":"\"","1261":"f","1262":"l","1263":"e","1264":"x","1265":"-","1266":"a","1267":"u","1268":"t","1269":"o","1270":" ","1271":"p","1272":"-","1273":"8","1274":" ","1275":"b","1276":"g","1277":"-","1278":"b","1279":"r","1280":"a","1281":"n","1282":"d","1283":"-","1284":"g","1285":"r","1286":"a","1287":"y","1288":"-","1289":"2","1290":"\\","1291":"\"","1292":">","1293":"\\","1294":"r","1295":"\\","1296":"n","1297":" ","1298":" ","1299":" ","1300":" ","1301":"<","1302":"o","1303":"l","1304":">","1305":"\\","1306":"r","1307":"\\","1308":"n","1309":" ","1310":" ","1311":" ","1312":" ","1313":" ","1314":" ","1315":"<","1316":"J","1317":"o","1318":"b","1319":"L","1320":"i","1321":"s","1322":"t","1323":"i","1324":"n","1325":"g","1326":" ","1327":"v","1328":"-","1329":"f","1330":"o","1331":"r","1332":"=","1333":"\\","1334":"\"","1335":"j","1336":"o","1337":"b","1338":" ","1339":"i","1340":"n","1341":" ","1342":"d","1343":"i","1344":"s","1345":"p","1346":"l","1347":"a","1348":"y","1349":"e","1350":"d","1351":"J","1352":"o","1353":"b","1354":"s","1355":"\\","1356":"\"","1357":" ","1358":":","1359":"k","1360":"e","1361":"y","1362":"=","1363":"\\","1364":"\"","1365":"j","1366":"o","1367":"b","1368":".","1369":"i","1370":"d","1371":"\\","1372":"\"","1373":" ","1374":":","1375":"j","1376":"o","1377":"b","1378":"=","1379":"\\","1380":"\"","1381":"j","1382":"o","1383":"b","1384":"\\","1385":"\"","1386":" ","1387":"d","1388":"a","1389":"t","1390":"a","1391":"-","1392":"t","1393":"e","1394":"s","1395":"t","1396":"=","1397":"'","1398":"j","1399":"o","1400":"b","1401":"-","1402":"l","1403":"i","1404":"s","1405":"t","1406":"i","1407":"n","1408":"g","1409":"'","1410":" ","1411":"/","1412":">","1413":"\\","1414":"r","1415":"\\","1416":"n","1417":" ","1418":" ","1419":" ","1420":" ","1421":"<","1422":"/","1423":"o","1424":"l","1425":">","1426":"\\","1427":"r","1428":"\\","1429":"n","1430":" ","1431":" ","1432":" ","1433":" ","1434":"<","1435":"d","1436":"i","1437":"v","1438":" ","1439":"c","1440":"l","1441":"a","1442":"s","1443":"s","1444":"=","1445":"\\","1446":"\"","1447":"m","1448":"t","1449":"-","1450":"8","1451":" ","1452":"m","1453":"x","1454":"-","1455":"a","1456":"u","1457":"t","1458":"o","1459":"\\","1460":"\"","1461":">","1462":"\\","1463":"r","1464":"\\","1465":"n","1466":" ","1467":" ","1468":" ","1469":" ","1470":" ","1471":" ","1472":"<","1473":"d","1474":"i","1475":"v","1476":" ","1477":"c","1478":"l","1479":"a","1480":"s","1481":"s","1482":"=","1483":"\\","1484":"\"","1485":"f","1486":"l","1487":"e","1488":"x","1489":" ","1490":"f","1491":"l","1492":"e","1493":"x","1494":"-","1495":"r","1496":"o","1497":"w","1498":" ","1499":"f","1500":"l","1501":"e","1502":"x","1503":"-","1504":"n","1505":"o","1506":"w","1507":"r","1508":"a","1509":"p","1510":"\\","1511":"\"","1512":">","1513":"\\","1514":"r","1515":"\\","1516":"n","1517":" ","1518":" ","1519":" ","1520":" ","1521":" ","1522":" ","1523":" ","1524":" ","1525":"<","1526":"p","1527":" ","1528":"c","1529":"l","1530":"a","1531":"s","1532":"s","1533":"=","1534":"\\","1535":"\"","1536":"t","1537":"e","1538":"x","1539":"t","1540":"-","1541":"s","1542":"m","1543":" ","1544":"f","1545":"l","1546":"e","1547":"x","1548":"-","1549":"g","1550":"r","1551":"o","1552":"w","1553":"\\","1554":"\"","1555":">","1556":"P","1557":"a","1558":"g","1559":"e","1560":" ","1561":"{","1562":"{","1563":" ","1564":"c","1565":"u","1566":"r","1567":"r","1568":"e","1569":"n","1570":"t","1571":"P","1572":"a","1573":"g","1574":"e","1575":" ","1576":"}","1577":"}","1578":"<","1579":"/","1580":"p","1581":">","1582":"\\","1583":"r","1584":"\\","1585":"n","1586":" ","1587":" ","1588":" ","1589":" ","1590":" ","1591":" ","1592":" ","1593":" ","1594":"<","1595":"d","1596":"i","1597":"v","1598":" ","1599":"c","1600":"l","1601":"a","1602":"s","1603":"s","1604":"=","1605":"\\","1606":"\"","1607":"f","1608":"l","1609":"e","1610":"x","1611":" ","1612":"i","1613":"t","1614":"e","1615":"m","1616":"s","1617":"-","1618":"c","1619":"e","1620":"n","1621":"t","1622":"e","1623":"r","1624":" ","1625":"j","1626":"u","1627":"s","1628":"t","1629":"i","1630":"f","1631":"y","1632":"-","1633":"c","1634":"e","1635":"n","1636":"t","1637":"e","1638":"r","1639":"\\","1640":"\"","1641":">","1642":"\\","1643":"r","1644":"\\","1645":"n","1646":" ","1647":" ","1648":" ","1649":" ","1650":" ","1651":" ","1652":" ","1653":" ","1654":" ","1655":" ","1656":"<","1657":"r","1658":"o","1659":"u","1660":"t","1661":"e","1662":"r","1663":"-","1664":"l","1665":"i","1666":"n","1667":"k","1668":" ","1669":"\\","1670":"r","1671":"\\","1672":"n","1673":" ","1674":" ","1675":" ","1676":" ","1677":" ","1678":" ","1679":" ","1680":" ","1681":" ","1682":" ","1683":" ","1684":" ","1685":"c","1686":"l","1687":"a","1688":"s","1689":"s","1690":"=","1691":"\\","1692":"\"","1693":"m","1694":"x","1695":"-","1696":"3","1697":" ","1698":"t","1699":"e","1700":"x","1701":"t","1702":"-","1703":"s","1704":"m","1705":" ","1706":"f","1707":"o","1708":"n","1709":"t","1710":"-","1711":"s","1712":"e","1713":"m","1714":"i","1715":"b","1716":"o","1717":"l","1718":"d","1719":" ","1720":"t","1721":"e","1722":"x","1723":"t","1724":"-","1725":"b","1726":"r","1727":"a","1728":"n","1729":"d","1730":"-","1731":"b","1732":"l","1733":"u","1734":"e","1735":"-","1736":"1","1737":"\\","1738":"\"","1739":" ","1740":"\\","1741":"r","1742":"\\","1743":"n","1744":" ","1745":" ","1746":" ","1747":" ","1748":" ","1749":" ","1750":" ","1751":" ","1752":" ","1753":" ","1754":" ","1755":" ","1756":"v","1757":"-","1758":"i","1759":"f","1760":"=","1761":"\\","1762":"\"","1763":"p","1764":"r","1765":"e","1766":"v","1767":"i","1768":"o","1769":"u","1770":"s","1771":"P","1772":"a","1773":"g","1774":"e","1775":"\\","1776":"\"","1777":" ","1778":"\\","1779":"r","1780":"\\","1781":"n","1782":" ","1783":" ","1784":" ","1785":" ","1786":" ","1787":" ","1788":" ","1789":" ","1790":" ","1791":" ","1792":" ","1793":" ","1794":":","1795":"t","1796":"o","1797":"=","1798":"\\","1799":"\"","1800":"{","1801":"n","1802":"a","1803":"m","1804":"e","1805":":","1806":" ","1807":"'","1808":"J","1809":"o","1810":"b","1811":"R","1812":"e","1813":"s","1814":"u","1815":"l","1816":"t","1817":"s","1818":"'","1819":",","1820":" ","1821":"q","1822":"u","1823":"e","1824":"r","1825":"y","1826":":","1827":" ","1828":"{","1829":"p","1830":"a","1831":"g","1832":"e","1833":":","1834":" ","1835":"p","1836":"r","1837":"e","1838":"v","1839":"i","1840":"o","1841":"u","1842":"s","1843":"P","1844":"a","1845":"g","1846":"e","1847":"}","1848":" ","1849":"}","1850":"\\","1851":"\"","1852":"\\","1853":"r","1854":"\\","1855":"n","1856":" ","1857":" ","1858":" ","1859":" ","1860":" ","1861":" ","1862":" ","1863":" ","1864":" ","1865":" ","1866":" ","1867":" ","1868":"d","1869":"a","1870":"t","1871":"a","1872":"-","1873":"t","1874":"e","1875":"s","1876":"t","1877":"=","1878":"'","1879":"p","1880":"r","1881":"e","1882":"v","1883":"i","1884":"o","1885":"u","1886":"s","1887":"-","1888":"p","1889":"a","1890":"g","1891":"e","1892":"-","1893":"l","1894":"i","1895":"n","1896":"k","1897":"'","1898":"\\","1899":"r","1900":"\\","1901":"n","1902":" ","1903":" ","1904":" ","1905":" ","1906":" ","1907":" ","1908":" ","1909":" ","1910":" ","1911":" ","1912":" ","1913":" ","1914":">","1915":"P","1916":"r","1917":"e","1918":"v","1919":"i","1920":"e","1921":"w","1922":"s","1923":"<","1924":"/","1925":"r","1926":"o","1927":"u","1928":"t","1929":"e","1930":"r","1931":"-","1932":"l","1933":"i","1934":"n","1935":"k","1936":">","1937":"\\","1938":"r","1939":"\\","1940":"n","1941":"\\","1942":"r","1943":"\\","1944":"n","1945":" ","1946":" ","1947":" ","1948":" ","1949":" ","1950":" ","1951":" ","1952":" ","1953":" ","1954":" ","1955":"<","1956":"r","1957":"o","1958":"u","1959":"t","1960":"e","1961":"r","1962":"-","1963":"l","1964":"i","1965":"n","1966":"k","1967":" ","1968":"\\","1969":"r","1970":"\\","1971":"n","1972":" ","1973":" ","1974":" ","1975":" ","1976":" ","1977":" ","1978":" ","1979":" ","1980":" ","1981":" ","1982":" ","1983":" ","1984":"c","1985":"l","1986":"a","1987":"s","1988":"s","1989":"=","1990":"\\","1991":"\"","1992":"m","1993":"x","1994":"-","1995":"3","1996":" ","1997":"t","1998":"e","1999":"x","2000":"t","2001":"-","2002":"s","2003":"m","2004":" ","2005":"f","2006":"o","2007":"n","2008":"t","2009":"-","2010":"s","2011":"e","2012":"m","2013":"i","2014":"b","2015":"o","2016":"l","2017":"d","2018":" ","2019":"t","2020":"e","2021":"x","2022":"t","2023":"-","2024":"b","2025":"r","2026":"a","2027":"n","2028":"d","2029":"-","2030":"b","2031":"l","2032":"u","2033":"e","2034":"-","2035":"1","2036":"\\","2037":"\"","2038":" ","2039":"\\","2040":"r","2041":"\\","2042":"n","2043":" ","2044":" ","2045":" ","2046":" ","2047":" ","2048":" ","2049":" ","2050":" ","2051":" ","2052":" ","2053":" ","2054":" ","2055":"v","2056":"-","2057":"i","2058":"f","2059":"=","2060":"\\","2061":"\"","2062":"n","2063":"e","2064":"x","2065":"t","2066":"P","2067":"a","2068":"g","2069":"e","2070":"\\","2071":"\"","2072":" ","2073":"\\","2074":"r","2075":"\\","2076":"n","2077":" ","2078":" ","2079":" ","2080":" ","2081":" ","2082":" ","2083":" ","2084":" ","2085":" ","2086":" ","2087":" ","2088":" ","2089":":","2090":"t","2091":"o","2092":"=","2093":"\\","2094":"\"","2095":"{","2096":"n","2097":"a","2098":"m","2099":"e","2100":":","2101":" ","2102":"'","2103":"J","2104":"o","2105":"b","2106":"R","2107":"e","2108":"s","2109":"u","2110":"l","2111":"t","2112":"s","2113":"'","2114":",","2115":" ","2116":"q","2117":"u","2118":"e","2119":"r","2120":"y","2121":":","2122":" ","2123":"{","2124":"p","2125":"a","2126":"g","2127":"e","2128":":","2129":" ","2130":"n","2131":"e","2132":"x","2133":"t","2134":"P","2135":"a","2136":"g","2137":"e","2138":"}","2139":" ","2140":"}","2141":"\\","2142":"\"","2143":"\\","2144":"r","2145":"\\","2146":"n","2147":" ","2148":" ","2149":" ","2150":" ","2151":" ","2152":" ","2153":" ","2154":" ","2155":" ","2156":" ","2157":" ","2158":" ","2159":"d","2160":"a","2161":"t","2162":"a","2163":"-","2164":"t","2165":"e","2166":"s","2167":"t","2168":"=","2169":"'","2170":"n","2171":"e","2172":"x","2173":"t","2174":"-","2175":"p","2176":"a","2177":"g","2178":"e","2179":"-","2180":"l","2181":"i","2182":"n","2183":"k","2184":"'","2185":"\\","2186":"r","2187":"\\","2188":"n","2189":" ","2190":" ","2191":" ","2192":" ","2193":" ","2194":" ","2195":" ","2196":" ","2197":" ","2198":" ","2199":" ","2200":" ","2201":">","2202":"N","2203":"e","2204":"x","2205":"t","2206":"<","2207":"/","2208":"r","2209":"o","2210":"u","2211":"t","2212":"e","2213":"r","2214":"-","2215":"l","2216":"i","2217":"n","2218":"k","2219":">","2220":"\\","2221":"r","2222":"\\","2223":"n","2224":" ","2225":" ","2226":" ","2227":" ","2228":" ","2229":" ","2230":" ","2231":" ","2232":"<","2233":"/","2234":"d","2235":"i","2236":"v","2237":">","2238":"\\","2239":"r","2240":"\\","2241":"n","2242":" ","2243":" ","2244":" ","2245":" ","2246":" ","2247":" ","2248":"<","2249":"/","2250":"d","2251":"i","2252":"v","2253":">","2254":"\\","2255":"r","2256":"\\","2257":"n","2258":" ","2259":" ","2260":" ","2261":" ","2262":"<","2263":"/","2264":"d","2265":"i","2266":"v","2267":">","2268":"\\","2269":"r","2270":"\\","2271":"n","2272":" ","2273":" ","2274":"<","2275":"/","2276":"m","2277":"a","2278":"i","2279":"n","2280":">","2281":"\\","2282":"r","2283":"\\","2284":"n","2285":"<","2286":"/","2287":"t","2288":"e","2289":"m","2290":"p","2291":"l","2292":"a","2293":"t","2294":"e","2295":">","2296":"\\","2297":"r","2298":"\\","2299":"n","2300":"\\","2301":"r","2302":"\\","2303":"n","2304":"<","2305":"s","2306":"c","2307":"r","2308":"i","2309":"p","2310":"t","2311":">","2312":"\\","2313":"r","2314":"\\","2315":"n","2316":"i","2317":"m","2318":"p","2319":"o","2320":"r","2321":"t","2322":" ","2323":"{","2324":" ","2325":"o","2326":"n","2327":"M","2328":"o","2329":"u","2330":"n","2331":"t","2332":"e","2333":"d","2334":",","2335":" ","2336":"c","2337":"o","2338":"m","2339":"p","2340":"u","2341":"t","2342":"e","2343":"d","2344":" ","2345":"}","2346":" ","2347":"f","2348":"r","2349":"o","2350":"m","2351":" ","2352":"'","2353":"v","2354":"u","2355":"e","2356":"'","2357":";","2358":"\\","2359":"r","2360":"\\","2361":"n","2362":"\\","2363":"r","2364":"\\","2365":"n","2366":"i","2367":"m","2368":"p","2369":"o","2370":"r","2371":"t","2372":" ","2373":"{","2374":" ","2375":"u","2376":"s","2377":"e","2378":"F","2379":"i","2380":"l","2381":"t","2382":"e","2383":"r","2384":"e","2385":"d","2386":"J","2387":"o","2388":"b","2389":"s","2390":",","2391":" ","2392":"u","2393":"s","2394":"e","2395":"F","2396":"e","2397":"t","2398":"c","2399":"h","2400":"J","2401":"o","2402":"b","2403":"s","2404":"D","2405":"i","2406":"s","2407":"p","2408":"a","2409":"t","2410":"c","2411":"h","2412":",","2413":" ","2414":"u","2415":"s","2416":"e","2417":"F","2418":"e","2419":"t","2420":"c","2421":"h","2422":"D","2423":"e","2424":"g","2425":"r","2426":"e","2427":"e","2428":"s","2429":"D","2430":"i","2431":"s","2432":"p","2433":"a","2434":"t","2435":"c","2436":"h","2437":" ","2438":"}","2439":" ","2440":"f","2441":"r","2442":"o","2443":"m","2444":" ","2445":"'","2446":"@","2447":"/","2448":"s","2449":"t","2450":"o","2451":"r","2452":"e","2453":"/","2454":"c","2455":"o","2456":"m","2457":"p","2458":"o","2459":"s","2460":"a","2461":"b","2462":"l","2463":"e","2464":"s","2465":"'","2466":";","2467":"\\","2468":"r","2469":"\\","2470":"n","2471":"\\","2472":"r","2473":"\\","2474":"n","2475":"i","2476":"m","2477":"p","2478":"o","2479":"r","2480":"t","2481":" ","2482":"J","2483":"o","2484":"b","2485":"L","2486":"i","2487":"s","2488":"t","2489":"i","2490":"n","2491":"g","2492":" ","2493":"f","2494":"r","2495":"o","2496":"m","2497":" ","2498":"'","2499":"@","2500":"/","2501":"c","2502":"o","2503":"m","2504":"p","2505":"o","2506":"n","2507":"e","2508":"n","2509":"t","2510":"s","2511":"/","2512":"J","2513":"o","2514":"b","2515":"R","2516":"e","2517":"s","2518":"u","2519":"l","2520":"t","2521":"s","2522":"/","2523":"J","2524":"o","2525":"b","2526":"L","2527":"i","2528":"s","2529":"t","2530":"i","2531":"n","2532":"g","2533":".","2534":"v","2535":"u","2536":"e","2537":"'","2538":";","2539":"\\","2540":"r","2541":"\\","2542":"n","2543":"i","2544":"m","2545":"p","2546":"o","2547":"r","2548":"t","2549":" ","2550":"u","2551":"s","2552":"e","2553":"C","2554":"u","2555":"r","2556":"r","2557":"e","2558":"n","2559":"t","2560":"P","2561":"a","2562":"g","2563":"e","2564":" ","2565":"f","2566":"r","2567":"o","2568":"m","2569":" ","2570":"\\","2571":"\"","2572":"@","2573":"/","2574":"c","2575":"o","2576":"m","2577":"p","2578":"o","2579":"s","2580":"a","2581":"b","2582":"l","2583":"e","2584":"s","2585":"/","2586":"u","2587":"s","2588":"e","2589":"C","2590":"u","2591":"r","2592":"r","2593":"e","2594":"n","2595":"t","2596":"P","2597":"a","2598":"g","2599":"e","2600":"\\","2601":"\"","2602":"\\","2603":"r","2604":"\\","2605":"n","2606":"i","2607":"m","2608":"p","2609":"o","2610":"r","2611":"t","2612":" ","2613":"u","2614":"s","2615":"e","2616":"P","2617":"r","2618":"e","2619":"v","2620":"i","2621":"o","2622":"u","2623":"s","2624":"A","2625":"n","2626":"d","2627":"N","2628":"e","2629":"x","2630":"t","2631":"P","2632":"a","2633":"g","2634":"e","2635":"s","2636":" ","2637":"f","2638":"r","2639":"o","2640":"m","2641":" ","2642":"'","2643":"@","2644":"/","2645":"c","2646":"o","2647":"m","2648":"p","2649":"o","2650":"s","2651":"a","2652":"b","2653":"l","2654":"e","2655":"s","2656":"/","2657":"u","2658":"s","2659":"e","2660":"P","2661":"r","2662":"e","2663":"v","2664":"i","2665":"o","2666":"u","2667":"s","2668":"A","2669":"n","2670":"d","2671":"N","2672":"e","2673":"x","2674":"t","2675":"P","2676":"a","2677":"g","2678":"e","2679":"s","2680":"'","2681":"\\","2682":"r","2683":"\\","2684":"n","2685":"\\","2686":"r","2687":"\\","2688":"n","2689":"e","2690":"x","2691":"p","2692":"o","2693":"r","2694":"t","2695":" ","2696":"d","2697":"e","2698":"f","2699":"a","2700":"u","2701":"l","2702":"t","2703":" ","2704":"{","2705":"\\","2706":"r","2707":"\\","2708":"n","2709":" ","2710":" ","2711":"n","2712":"a","2713":"m","2714":"e","2715":":","2716":" ","2717":"\\","2718":"\"","2719":"J","2720":"o","2721":"b","2722":"L","2723":"i","2724":"s","2725":"t","2726":"i","2727":"n","2728":"g","2729":"s","2730":"\\","2731":"\"","2732":",","2733":"\\","2734":"r","2735":"\\","2736":"n","2737":" ","2738":" ","2739":"c","2740":"o","2741":"m","2742":"p","2743":"o","2744":"n","2745":"e","2746":"n","2747":"t","2748":"s","2749":":","2750":" ","2751":"{","2752":"\\","2753":"r","2754":"\\","2755":"n","2756":" ","2757":" ","2758":" ","2759":" ","2760":"J","2761":"o","2762":"b","2763":"L","2764":"i","2765":"s","2766":"t","2767":"i","2768":"n","2769":"g","2770":"\\","2771":"r","2772":"\\","2773":"n","2774":" ","2775":" ","2776":"}","2777":",","2778":"\\","2779":"r","2780":"\\","2781":"n","2782":" ","2783":" ","2784":"s","2785":"e","2786":"t","2787":"u","2788":"p","2789":"(","2790":")","2791":" ","2792":"{","2793":"\\","2794":"r","2795":"\\","2796":"n","2797":" ","2798":" ","2799":" ","2800":" ","2801":"o","2802":"n","2803":"M","2804":"o","2805":"u","2806":"n","2807":"t","2808":"e","2809":"d","2810":"(","2811":"u","2812":"s","2813":"e","2814":"F","2815":"e","2816":"t","2817":"c","2818":"h","2819":"J","2820":"o","2821":"b","2822":"s","2823":"D","2824":"i","2825":"s","2826":"p","2827":"a","2828":"t","2829":"c","2830":"h","2831":")","2832":"\\","2833":"r","2834":"\\","2835":"n","2836":" ","2837":" ","2838":" ","2839":" ","2840":"o","2841":"n","2842":"M","2843":"o","2844":"u","2845":"n","2846":"t","2847":"e","2848":"d","2849":"(","2850":"u","2851":"s","2852":"e","2853":"F","2854":"e","2855":"t","2856":"c","2857":"h","2858":"D","2859":"e","2860":"g","2861":"r","2862":"e","2863":"e","2864":"s","2865":"D","2866":"i","2867":"s","2868":"p","2869":"a","2870":"t","2871":"c","2872":"h","2873":")","2874":"\\","2875":"r","2876":"\\","2877":"n","2878":"\\","2879":"r","2880":"\\","2881":"n","2882":" ","2883":" ","2884":" ","2885":" ","2886":"c","2887":"o","2888":"n","2889":"s","2890":"t","2891":" ","2892":"f","2893":"i","2894":"l","2895":"t","2896":"e","2897":"r","2898":"e","2899":"d","2900":"J","2901":"o","2902":"b","2903":"s","2904":" ","2905":"=","2906":" ","2907":"u","2908":"s","2909":"e","2910":"F","2911":"i","2912":"l","2913":"t","2914":"e","2915":"r","2916":"e","2917":"d","2918":"J","2919":"o","2920":"b","2921":"s","2922":"(","2923":")","2924":";","2925":"\\","2926":"r","2927":"\\","2928":"n","2929":" ","2930":" ","2931":" ","2932":" ","2933":"c","2934":"o","2935":"n","2936":"s","2937":"t","2938":" ","2939":"c","2940":"u","2941":"r","2942":"r","2943":"e","2944":"n","2945":"t","2946":"P","2947":"a","2948":"g","2949":"e","2950":" ","2951":"=","2952":" ","2953":"u","2954":"s","2955":"e","2956":"C","2957":"u","2958":"r","2959":"r","2960":"e","2961":"n","2962":"t","2963":"P","2964":"a","2965":"g","2966":"e","2967":"(","2968":")","2969":";","2970":"\\","2971":"r","2972":"\\","2973":"n","2974":" ","2975":" ","2976":" ","2977":" ","2978":"c","2979":"o","2980":"n","2981":"s","2982":"t","2983":" ","2984":"m","2985":"a","2986":"x","2987":"P","2988":"a","2989":"g","2990":"e","2991":" ","2992":"=","2993":" ","2994":"c","2995":"o","2996":"m","2997":"p","2998":"u","2999":"t","3000":"e","3001":"d","3002":"(","3003":"(","3004":")","3005":" ","3006":"=","3007":">","3008":" ","3009":"M","3010":"a","3011":"t","3012":"h","3013":".","3014":"c","3015":"e","3016":"i","3017":"l","3018":"(","3019":"f","3020":"i","3021":"l","3022":"t","3023":"e","3024":"r","3025":"e","3026":"d","3027":"J","3028":"o","3029":"b","3030":"s","3031":".","3032":"v","3033":"a","3034":"l","3035":"u","3036":"e","3037":".","3038":"l","3039":"e","3040":"n","3041":"g","3042":"t","3043":"h","3044":" ","3045":"/","3046":" ","3047":"1","3048":"0","3049":")","3050":")","3051":"\\","3052":"r","3053":"\\","3054":"n","3055":"\\","3056":"r","3057":"\\","3058":"n","3059":" ","3060":" ","3061":" ","3062":" ","3063":"c","3064":"o","3065":"n","3066":"s","3067":"t","3068":" ","3069":"{","3070":"p","3071":"r","3072":"e","3073":"v","3074":"i","3075":"o","3076":"u","3077":"s","3078":"P","3079":"a","3080":"g","3081":"e","3082":",","3083":" ","3084":"n","3085":"e","3086":"x","3087":"t","3088":"P","3089":"a","3090":"g","3091":"e","3092":"}","3093":" ","3094":"=","3095":" ","3096":"u","3097":"s","3098":"e","3099":"P","3100":"r","3101":"e","3102":"v","3103":"i","3104":"o","3105":"u","3106":"s","3107":"A","3108":"n","3109":"d","3110":"N","3111":"e","3112":"x","3113":"t","3114":"P","3115":"a","3116":"g","3117":"e","3118":"s","3119":"(","3120":"\\","3121":"r","3122":"\\","3123":"n","3124":" ","3125":" ","3126":" ","3127":" ","3128":" ","3129":" ","3130":"c","3131":"u","3132":"r","3133":"r","3134":"e","3135":"n","3136":"t","3137":"P","3138":"a","3139":"g","3140":"e","3141":",","3142":" ","3143":"\\","3144":"r","3145":"\\","3146":"n","3147":" ","3148":" ","3149":" ","3150":" ","3151":" ","3152":" ","3153":"m","3154":"a","3155":"x","3156":"P","3157":"a","3158":"g","3159":"e","3160":"\\","3161":"r","3162":"\\","3163":"n","3164":" ","3165":" ","3166":" ","3167":" ","3168":")","3169":";","3170":"\\","3171":"r","3172":"\\","3173":"n","3174":" ","3175":" ","3176":" ","3177":" ","3178":"c","3179":"o","3180":"n","3181":"s","3182":"t","3183":" ","3184":"d","3185":"i","3186":"s","3187":"p","3188":"l","3189":"a","3190":"y","3191":"e","3192":"d","3193":"J","3194":"o","3195":"b","3196":"s","3197":" ","3198":"=","3199":" ","3200":"c","3201":"o","3202":"m","3203":"p","3204":"u","3205":"t","3206":"e","3207":"d","3208":"(","3209":"(","3210":")","3211":" ","3212":"=","3213":">","3214":" ","3215":"{","3216":"\\","3217":"r","3218":"\\","3219":"n","3220":" ","3221":" ","3222":" ","3223":" ","3224":" ","3225":" ","3226":"c","3227":"o","3228":"n","3229":"s","3230":"t","3231":" ","3232":"p","3233":"a","3234":"g","3235":"e","3236":"N","3237":"u","3238":"m","3239":"b","3240":"e","3241":"r","3242":" ","3243":"=","3244":" ","3245":"c","3246":"u","3247":"r","3248":"r","3249":"e","3250":"n","3251":"t","3252":"P","3253":"a","3254":"g","3255":"e","3256":".","3257":"v","3258":"a","3259":"l","3260":"u","3261":"e","3262":";","3263":"\\","3264":"r","3265":"\\","3266":"n","3267":" ","3268":" ","3269":" ","3270":" ","3271":" ","3272":" ","3273":"c","3274":"o","3275":"n","3276":"s","3277":"t","3278":" ","3279":"f","3280":"i","3281":"r","3282":"s","3283":"t","3284":"J","3285":"o","3286":"b","3287":"I","3288":"n","3289":"d","3290":"e","3291":"x","3292":" ","3293":"=","3294":" ","3295":"(","3296":"p","3297":"a","3298":"g","3299":"e","3300":"N","3301":"u","3302":"m","3303":"b","3304":"e","3305":"r","3306":" ","3307":"-","3308":" ","3309":"1","3310":")","3311":" ","3312":"*","3313":" ","3314":"1","3315":"0","3316":";","3317":"\\","3318":"r","3319":"\\","3320":"n","3321":" ","3322":" ","3323":" ","3324":" ","3325":" ","3326":" ","3327":"c","3328":"o","3329":"n","3330":"s","3331":"t","3332":" ","3333":"l","3334":"a","3335":"s","3336":"t","3337":"J","3338":"o","3339":"b","3340":"I","3341":"n","3342":"d","3343":"e","3344":"x","3345":" ","3346":"=","3347":" ","3348":"p","3349":"a","3350":"g","3351":"e","3352":"N","3353":"u","3354":"m","3355":"b","3356":"e","3357":"r","3358":" ","3359":"*","3360":" ","3361":"1","3362":"0","3363":";","3364":"\\","3365":"r","3366":"\\","3367":"n","3368":" ","3369":" ","3370":" ","3371":" ","3372":" ","3373":" ","3374":"r","3375":"e","3376":"t","3377":"u","3378":"r","3379":"n","3380":" ","3381":"f","3382":"i","3383":"l","3384":"t","3385":"e","3386":"r","3387":"e","3388":"d","3389":"J","3390":"o","3391":"b","3392":"s","3393":".","3394":"v","3395":"a","3396":"l","3397":"u","3398":"e","3399":".","3400":"s","3401":"l","3402":"i","3403":"c","3404":"e","3405":"(","3406":"f","3407":"i","3408":"r","3409":"s","3410":"t","3411":"J","3412":"o","3413":"b","3414":"I","3415":"n","3416":"d","3417":"e","3418":"x","3419":",","3420":" ","3421":"l","3422":"a","3423":"s","3424":"t","3425":"J","3426":"o","3427":"b","3428":"I","3429":"n","3430":"d","3431":"e","3432":"x","3433":")","3434":";","3435":"\\","3436":"r","3437":"\\","3438":"n","3439":" ","3440":" ","3441":" ","3442":" ","3443":"}","3444":")","3445":"\\","3446":"r","3447":"\\","3448":"n","3449":" ","3450":" ","3451":" ","3452":" ","3453":"r","3454":"e","3455":"t","3456":"u","3457":"r","3458":"n","3459":" ","3460":"{","3461":" ","3462":"p","3463":"r","3464":"e","3465":"v","3466":"i","3467":"o","3468":"u","3469":"s","3470":"P","3471":"a","3472":"g","3473":"e","3474":",","3475":" ","3476":"n","3477":"e","3478":"x","3479":"t","3480":"P","3481":"a","3482":"g","3483":"e","3484":",","3485":" ","3486":"d","3487":"i","3488":"s","3489":"p","3490":"l","3491":"a","3492":"y","3493":"e","3494":"d","3495":"J","3496":"o","3497":"b","3498":"s","3499":",","3500":" ","3501":"c","3502":"u","3503":"r","3504":"r","3505":"e","3506":"n","3507":"t","3508":"P","3509":"a","3510":"g","3511":"e","3512":" ","3513":"}","3514":"\\","3515":"r","3516":"\\","3517":"n","3518":" ","3519":" ","3520":"}","3521":"\\","3522":"r","3523":"\\","3524":"n","3525":"}","3526":"\\","3527":"r","3528":"\\","3529":"n","3530":"<","3531":"/","3532":"s","3533":"c","3534":"r","3535":"i","3536":"p","3537":"t","3538":">","3539":"\\","3540":"r","3541":"\\","3542":"n","3543":"\"","3544":"]","3545":"}"},"_coverageSchema":"1a1c01bbd47fc00a2c39e90264f33305004495a9","hash":"0be5d438b7ff926381fb5d12ca2d78188497a50f"}
,"/home/mac-book/Music/job-finder/src/components/JobResults/JobFiltersSidebar/JobFiltersSidebarCheckboxGroup.vue": {"path":"/home/mac-book/Music/job-finder/src/components/JobResults/JobFiltersSidebar/JobFiltersSidebarCheckboxGroup.vue","statementMap":{"0":{"start":{"line":4,"column":0},"end":{"line":6,"column":3}},"1":{"start":{"line":7,"column":0},"end":{"line":7,"column":25}},"2":{"start":{"line":8,"column":0},"end":{"line":8,"column":44}},"3":{"start":{"line":79,"column":0},"end":{"line":79,"column":13}},"4":{"start":{"line":81,"column":0},"end":{"line":83,"column":3}},"5":{"start":{"line":84,"column":0},"end":{"line":84,"column":24}},"6":{"start":{"line":85,"column":11},"end":{"line":85,"column":25}},"7":{"start":{"line":86,"column":19},"end":{"line":88,"column":1}},"8":{"start":{"line":89,"column":19},"end":{"line":91,"column":1}},"9":{"start":{"line":92,"column":19},"end":{"line":92,"column":47}},"10":{"start":{"line":93,"column":19},"end":{"line":93,"column":26}},"11":{"start":{"line":95,"column":2},"end":{"line":113,"column":39}},"12":{"start":{"line":96,"column":4},"end":{"line":112,"column":76}},"13":{"start":{"line":101,"column":65},"end":{"line":101,"column":93}},"14":{"start":{"line":107,"column":8},"end":{"line":107,"column":66}},"15":{"start":{"line":114,"column":2},"end":{"line":114,"column":49}}},"fnMap":{"0":{"name":"render","decl":{"start":{"line":94,"column":9},"end":{"line":94,"column":15}},"loc":{"start":{"line":94,"column":30},"end":{"line":114,"column":1}},"line":94},"1":{"name":"(anonymous_1)","decl":{"start":{"line":95,"column":295},"end":{"line":95,"column":296}},"loc":{"start":{"line":95,"column":304},"end":{"line":113,"column":3}},"line":95},"2":{"name":"(anonymous_2)","decl":{"start":{"line":101,"column":55},"end":{"line":101,"column":56}},"loc":{"start":{"line":101,"column":65},"end":{"line":101,"column":93}},"line":101},"3":{"name":"(anonymous_3)","decl":{"start":{"line":106,"column":42},"end":{"line":106,"column":43}},"loc":{"start":{"line":106,"column":54},"end":{"line":108,"column":7}},"line":106}},"branchMap":{"0":{"loc":{"start":{"line":101,"column":29},"end":{"line":101,"column":94}},"type":"binary-expr","locations":[{"start":{"line":101,"column":29},"end":{"line":101,"column":38}},{"start":{"line":101,"column":43},"end":{"line":101,"column":93}}],"line":101},"1":{"loc":{"start":{"line":106,"column":16},"end":{"line":108,"column":8}},"type":"binary-expr","locations":[{"start":{"line":106,"column":16},"end":{"line":106,"column":25}},{"start":{"line":106,"column":30},"end":{"line":108,"column":7}}],"line":106},"2":{"loc":{"start":{"line":107,"column":15},"end":{"line":107,"column":65}},"type":"binary-expr","locations":[{"start":{"line":107,"column":15},"end":{"line":107,"column":31}},{"start":{"line":107,"column":35},"end":{"line":107,"column":65}}],"line":107}},"s":{"0":1,"1":1,"2":1,"3":1,"4":1,"5":1,"6":1,"7":1,"8":1,"9":1,"10":1,"11":1,"12":2,"13":0,"14":0,"15":1},"f":{"0":1,"1":2,"2":0,"3":0},"b":{"0":[2,1],"1":[2,1],"2":[0,0]},"inputSourceMap":{"0":"{","1":"\"","2":"v","3":"e","4":"r","5":"s","6":"i","7":"o","8":"n","9":"\"","10":":","11":"3","12":",","13":"\"","14":"s","15":"o","16":"u","17":"r","18":"c","19":"e","20":"s","21":"\"","22":":","23":"[","24":"\"","25":"/","26":"h","27":"o","28":"m","29":"e","30":"/","31":"m","32":"a","33":"c","34":"-","35":"b","36":"o","37":"o","38":"k","39":"/","40":"M","41":"u","42":"s","43":"i","44":"c","45":"/","46":"j","47":"o","48":"b","49":"-","50":"f","51":"i","52":"n","53":"d","54":"e","55":"r","56":"/","57":"s","58":"r","59":"c","60":"/","61":"c","62":"o","63":"m","64":"p","65":"o","66":"n","67":"e","68":"n","69":"t","70":"s","71":"/","72":"J","73":"o","74":"b","75":"R","76":"e","77":"s","78":"u","79":"l","80":"t","81":"s","82":"/","83":"J","84":"o","85":"b","86":"F","87":"i","88":"l","89":"t","90":"e","91":"r","92":"s","93":"S","94":"i","95":"d","96":"e","97":"b","98":"a","99":"r","100":"/","101":"J","102":"o","103":"b","104":"F","105":"i","106":"l","107":"t","108":"e","109":"r","110":"s","111":"S","112":"i","113":"d","114":"e","115":"b","116":"a","117":"r","118":"C","119":"h","120":"e","121":"c","122":"k","123":"b","124":"o","125":"x","126":"G","127":"r","128":"o","129":"u","130":"p","131":".","132":"v","133":"u","134":"e","135":"\"","136":"]","137":",","138":"\"","139":"n","140":"a","141":"m","142":"e","143":"s","144":"\"","145":":","146":"[","147":"]","148":",","149":"\"","150":"m","151":"a","152":"p","153":"p","154":"i","155":"n","156":"g","157":"s","158":"\"","159":":","160":"\"","161":";","162":";","163":";","164":";","165":";","166":";","167":";","168":";","169":"A","170":"A","171":"s","172":"B","173":"A","174":";","175":"A","176":"A","177":"A","178":"A","179":";","180":"A","181":"A","182":"A","183":"A","184":";","185":"A","186":"A","187":"C","188":"A","189":";","190":"A","191":"A","192":"A","193":"A","194":";","195":"A","196":"A","197":"A","198":"A","199":";","200":"A","201":"A","202":"C","203":"A","204":";","205":"A","206":"A","207":"A","208":"A","209":";","210":"A","211":"A","212":"A","213":"A","214":";","215":"A","216":"A","217":"E","218":"A","219":";","220":"A","221":"A","222":"A","223":"A","224":";","225":"A","226":"A","227":"A","228":"A","229":";","230":"A","231":"A","232":"A","233":"q","234":"E","235":";","236":"A","237":"A","238":"A","239":"A","240":",","241":"e","242":"A","243":"E","244":"p","245":"D","246":";","247":"E","248":"A","249":"C","250":"b","251":",","252":"I","253":"A","254":"A","255":"I","256":",","257":"E","258":"A","259":"A","260":"E","261":",","262":"+","263":"B","264":"A","265":"A","266":"+","267":"B","268":";","269":"E","270":"A","271":"C","272":"r","273":"C","274":",","275":"K","276":"A","277":"A","278":"K","279":",","280":"E","281":"A","282":"A","283":"E","284":";","285":"I","286":"A","287":"C","288":"L","289":",","290":"Y","291":"A","292":"A","293":"Y","294":",","295":"E","296":"A","297":"A","298":"E","299":";","300":"M","301":"A","302":"C","303":"Z","304":",","305":"I","306":"A","307":"A","308":"I","309":",","310":"E","311":"A","312":"A","313":"E","314":",","315":"C","316":"A","317":"A","318":"C","319":",","320":"K","321":"A","322":"A","323":"K","324":",","325":"E","326":"A","327":"A","328":"E","329":",","330":"G","331":"A","332":"A","333":"G","334":",","335":"C","336":"A","337":"A","338":"C","339":";","340":"M","341":"A","342":"C","343":"l","344":"B","345":",","346":"Q","347":"A","348":"A","349":"Q","350":",","351":"E","352":"A","353":"A","354":"E","355":";","356":"I","357":"A","358":"C","359":"Z","360":",","361":"C","362":"A","363":"A","364":"C","365":";","366":"I","367":"A","368":"C","369":"D","370":",","371":"Q","372":"A","373":"A","374":"Q","375":",","376":"E","377":"A","378":"A","379":"E","380":";","381":"M","382":"A","383":"C","384":"R","385":",","386":"I","387":"A","388":"A","389":"I","390":",","391":"E","392":"A","393":"A","394":"E","395":",","396":"M","397":"A","398":"A","399":"M","400":";","401":"M","402":"A","403":"C","404":"Z","405":",","406":"Q","407":"A","408":"A","409":"Q","410":",","411":"E","412":"A","413":"A","414":"E","415":";","416":"I","417":"A","418":"C","419":"Z","420":";","421":"E","422":"A","423":"C","424":"F","425":",","426":"C","427":"A","428":"A","429":"C","430":";","431":"E","432":"A","433":"C","434":"D","435":",","436":"K","437":"A","438":"A","439":"K","440":",","441":"C","442":"A","443":"A","444":"C","445":",","446":"K","447":"A","448":"A","449":"K","450":",","451":"E","452":"A","453":"A","454":"E","455":";","456":"I","457":"A","458":"C","459":"X","460":",","461":"M","462":"A","463":"A","464":"M","465":",","466":"K","467":"A","468":"A","469":"K","470":";","471":"I","472":"A","473":"A","474":"G","475":";","476":"I","477":"A","478":"A","479":"A","480":";","481":"I","482":"A","483":"A","484":"A","485":";","486":"I","487":"A","488":"A","489":"A","490":";","491":"I","492":"A","493":"A","494":"A","495":";","496":"I","497":"A","498":"A","499":"A","500":",","501":"Q","502":"A","503":"A","504":"Q","505":",","506":"G","507":"A","508":"A","509":"E","510":";","511":"I","512":"A","513":"C","514":"x","515":"B","516":",","517":"M","518":"A","519":"A","520":"M","521":",","522":"M","523":"A","524":"A","525":"M","526":";","527":"I","528":"A","529":"A","530":"G","531":";","532":"I","533":"A","534":"A","535":"A","536":";","537":"I","538":"A","539":"A","540":"A","541":";","542":"I","543":"A","544":"A","545":"A","546":";","547":"I","548":"A","549":"A","550":"A","551":";","552":"I","553":"A","554":"A","555":"A","556":",","557":"S","558":"A","559":"A","560":"S","561":",","562":"G","563":"A","564":"A","565":"E","566":";","567":"I","568":"A","569":"E","570":"1","571":"B","572":",","573":"M","574":"A","575":"A","576":"M","577":",","578":"c","579":"A","580
[...]
,"/home/mac-book/Music/job-finder/src/composables/usePreviousAndNextPages.js": {"path":"/home/mac-book/Music/job-finder/src/composables/usePreviousAndNextPages.js","statementMap":{"0":{"start":{"line":3,"column":31},"end":{"line":16,"column":1}},"1":{"start":{"line":4,"column":23},"end":{"line":8,"column":4}},"2":{"start":{"line":5,"column":25},"end":{"line":5,"column":46}},"3":{"start":{"line":6,"column":22},"end":{"line":6,"column":23}},"4":{"start":{"line":7,"column":4},"end":{"line":7,"column":63}},"5":{"start":{"line":10,"column":19},"end":{"line":13,"column":4}},"6":{"start":{"line":11,"column":21},"end":{"line":11,"column":42}},"7":{"start":{"line":12,"column":4},"end":{"line":12,"column":60}},"8":{"start":{"line":15,"column":2},"end":{"line":15,"column":35}}},"fnMap":{"0":{"name":"(anonymous_0)","decl":{"start":{"line":3,"column":31},"end":{"line":3,"column":32}},"loc":{"start":{"line":3,"column":57},"end":{"line":16,"column":1}},"line":3},"1":{"name":"(anonymous_1)","decl":{"start":{"line":4,"column":32},"end":{"line":4,"column":33}},"loc":{"start":{"line":4,"column":38},"end":{"line":8,"column":3}},"line":4},"2":{"name":"(anonymous_2)","decl":{"start":{"line":10,"column":28},"end":{"line":10,"column":29}},"loc":{"start":{"line":10,"column":34},"end":{"line":13,"column":3}},"line":10}},"branchMap":{"0":{"loc":{"start":{"line":7,"column":11},"end":{"line":7,"column":63}},"type":"cond-expr","locations":[{"start":{"line":7,"column":39},"end":{"line":7,"column":51}},{"start":{"line":7,"column":54},"end":{"line":7,"column":63}}],"line":7},"1":{"loc":{"start":{"line":12,"column":11},"end":{"line":12,"column":59}},"type":"cond-expr","locations":[{"start":{"line":12,"column":39},"end":{"line":12,"column":47}},{"start":{"line":12,"column":50},"end":{"line":12,"column":59}}],"line":12}},"s":{"0":2,"1":2,"2":2,"3":2,"4":2,"5":2,"6":0,"7":0,"8":2},"f":{"0":2,"1":2,"2":0},"b":{"0":[1,1],"1":[0,0]},"_coverageSchema":"1a1c01bbd47fc00a2c39e90264f33305004495a9","hash":"939e75c126780012574ad73b1e812e351ae3a52e"}
,"/home/mac-book/Music/job-finder/src/store/actions.js": {"path":"/home/mac-book/Music/job-finder/src/store/actions.js","statementMap":{"0":{"start":{"line":5,"column":16},"end":{"line":14,"column":1}},"1":{"start":{"line":7,"column":25},"end":{"line":7,"column":40}},"2":{"start":{"line":8,"column":4},"end":{"line":8,"column":44}},"3":{"start":{"line":11,"column":21},"end":{"line":11,"column":39}},"4":{"start":{"line":12,"column":4},"end":{"line":12,"column":44}}},"fnMap":{"0":{"name":"(anonymous_0)","decl":{"start":{"line":6,"column":16},"end":{"line":6,"column":17}},"loc":{"start":{"line":6,"column":34},"end":{"line":9,"column":3}},"line":6},"1":{"name":"(anonymous_1)","decl":{"start":{"line":10,"column":19},"end":{"line":10,"column":20}},"loc":{"start":{"line":10,"column":37},"end":{"line":13,"column":3}},"line":10}},"branchMap":{},"s":{"0":1,"1":2,"2":2,"3":0,"4":0},"f":{"0":2,"1":0},"b":{},"_coverageSchema":"1a1c01bbd47fc00a2c39e90264f33305004495a9","hash":"db030da65f46d68c37e367d49b79aa3392237ae6"}
,"/home/mac-book/Music/job-finder/src/store/composables.js": {"path":"/home/mac-book/Music/job-finder/src/store/composables.js","statementMap":{"0":{"start":{"line":6,"column":31},"end":{"line":9,"column":1}},"1":{"start":{"line":7,"column":16},"end":{"line":7,"column":26}},"2":{"start":{"line":8,"column":2},"end":{"line":8,"column":52}},"3":{"start":{"line":8,"column":24},"end":{"line":8,"column":51}},"4":{"start":{"line":11,"column":33},"end":{"line":14,"column":1}},"5":{"start":{"line":12,"column":16},"end":{"line":12,"column":26}},"6":{"start":{"line":13,"column":2},"end":{"line":13,"column":56}},"7":{"start":{"line":13,"column":24},"end":{"line":13,"column":55}},"8":{"start":{"line":16,"column":38},"end":{"line":19,"column":1}},"9":{"start":{"line":17,"column":16},"end":{"line":17,"column":26}},"10":{"start":{"line":18,"column":2},"end":{"line":18,"column":60}},"11":{"start":{"line":18,"column":24},"end":{"line":18,"column":59}},"12":{"start":{"line":21,"column":32},"end":{"line":24,"column":1}},"13":{"start":{"line":22,"column":16},"end":{"line":22,"column":26}},"14":{"start":{"line":23,"column":2},"end":{"line":23,"column":54}},"15":{"start":{"line":23,"column":24},"end":{"line":23,"column":53}},"16":{"start":{"line":26,"column":36},"end":{"line":29,"column":1}},"17":{"start":{"line":27,"column":16},"end":{"line":27,"column":26}},"18":{"start":{"line":28,"column":2},"end":{"line":28,"column":28}},"19":{"start":{"line":31,"column":39},"end":{"line":34,"column":1}},"20":{"start":{"line":32,"column":16},"end":{"line":32,"column":26}},"21":{"start":{"line":33,"column":2},"end":{"line":33,"column":31}}},"fnMap":{"0":{"name":"(anonymous_0)","decl":{"start":{"line":6,"column":31},"end":{"line":6,"column":32}},"loc":{"start":{"line":6,"column":37},"end":{"line":9,"column":1}},"line":6},"1":{"name":"(anonymous_1)","decl":{"start":{"line":8,"column":18},"end":{"line":8,"column":19}},"loc":{"start":{"line":8,"column":24},"end":{"line":8,"column":51}},"line":8},"2":{"name":"(anonymous_2)","decl":{"start":{"line":11,"column":33},"end":{"line":11,"column":34}},"loc":{"start":{"line":11,"column":39},"end":{"line":14,"column":1}},"line":11},"3":{"name":"(anonymous_3)","decl":{"start":{"line":13,"column":18},"end":{"line":13,"column":19}},"loc":{"start":{"line":13,"column":24},"end":{"line":13,"column":55}},"line":13},"4":{"name":"(anonymous_4)","decl":{"start":{"line":16,"column":38},"end":{"line":16,"column":39}},"loc":{"start":{"line":16,"column":44},"end":{"line":19,"column":1}},"line":16},"5":{"name":"(anonymous_5)","decl":{"start":{"line":18,"column":18},"end":{"line":18,"column":19}},"loc":{"start":{"line":18,"column":24},"end":{"line":18,"column":59}},"line":18},"6":{"name":"(anonymous_6)","decl":{"start":{"line":21,"column":32},"end":{"line":21,"column":33}},"loc":{"start":{"line":21,"column":38},"end":{"line":24,"column":1}},"line":21},"7":{"name":"(anonymous_7)","decl":{"start":{"line":23,"column":18},"end":{"line":23,"column":19}},"loc":{"start":{"line":23,"column":24},"end":{"line":23,"column":53}},"line":23},"8":{"name":"(anonymous_8)","decl":{"start":{"line":26,"column":36},"end":{"line":26,"column":37}},"loc":{"start":{"line":26,"column":42},"end":{"line":29,"column":1}},"line":26},"9":{"name":"(anonymous_9)","decl":{"start":{"line":31,"column":39},"end":{"line":31,"column":40}},"loc":{"start":{"line":31,"column":45},"end":{"line":34,"column":1}},"line":31}},"branchMap":{},"s":{"0":2,"1":0,"2":0,"3":0,"4":2,"5":1,"6":1,"7":1,"8":2,"9":1,"10":1,"11":1,"12":2,"13":0,"14":0,"15":0,"16":2,"17":1,"18":1,"19":2,"20":0,"21":0},"f":{"0":0,"1":0,"2":1,"3":1,"4":1,"5":1,"6":0,"7":0,"8":1,"9":0},"b":{},"_coverageSchema":"1a1c01bbd47fc00a2c39e90264f33305004495a9","hash":"fb835717e7bfa299c0a37413435a48bb504ffb9c"}
,"/home/mac-book/Music/job-finder/src/store/constants.js": {"path":"/home/mac-book/Music/job-finder/src/store/constants.js","statementMap":{"0":{"start":{"line":2,"column":26},"end":{"line":2,"column":38}},"1":{"start":{"line":5,"column":27},"end":{"line":5,"column":40}},"2":{"start":{"line":6,"column":26},"end":{"line":6,"column":38}},"3":{"start":{"line":7,"column":28},"end":{"line":7,"column":42}},"4":{"start":{"line":10,"column":48},"end":{"line":10,"column":82}},"5":{"start":{"line":13,"column":42},"end":{"line":13,"column":70}},"6":{"start":{"line":14,"column":36},"end":{"line":14,"column":58}},"7":{"start":{"line":15,"column":44},"end":{"line":15,"column":74}},"8":{"start":{"line":16,"column":43},"end":{"line":16,"column":72}},"9":{"start":{"line":19,"column":38},"end":{"line":19,"column":62}},"10":{"start":{"line":20,"column":32},"end":{"line":20,"column":50}},"11":{"start":{"line":21,"column":42},"end":{"line":21,"column":70}},"12":{"start":{"line":22,"column":41},"end":{"line":22,"column":68}},"13":{"start":{"line":25,"column":31},"end":{"line":25,"column":48}},"14":{"start":{"line":26,"column":29},"end":{"line":26,"column":44}},"15":{"start":{"line":27,"column":30},"end":{"line":27,"column":46}},"16":{"start":{"line":28,"column":37},"end":{"line":28,"column":60}},"17":{"start":{"line":29,"column":35},"end":{"line":29,"column":56}},"18":{"start":{"line":32,"column":41},"end":{"line":32,"column":68}},"19":{"start":{"line":33,"column":36},"end":{"line":33,"column":58}}},"fnMap":{},"branchMap":{},"s":{"0":7,"1":7,"2":7,"3":7,"4":7,"5":7,"6":7,"7":7,"8":7,"9":7,"10":7,"11":7,"12":7,"13":7,"14":7,"15":7,"16":7,"17":7,"18":7,"19":7},"f":{},"b":{},"_coverageSchema":"1a1c01bbd47fc00a2c39e90264f33305004495a9","hash":"2b4b9f03ee0a8dd8f2fdedeac5b8b3010905d3dd"}
,"/home/mac-book/Music/job-finder/src/store/getters.js": {"path":"/home/mac-book/Music/job-finder/src/store/getters.js","statementMap":{"0":{"start":{"line":12,"column":16},"end":{"line":55,"column":1}},"1":{"start":{"line":14,"column":33},"end":{"line":14,"column":42}},"2":{"start":{"line":15,"column":4},"end":{"line":15,"column":75}},"3":{"start":{"line":15,"column":32},"end":{"line":15,"column":74}},"4":{"start":{"line":16,"column":4},"end":{"line":16,"column":32}},"5":{"start":{"line":19,"column":27},"end":{"line":19,"column":36}},"6":{"start":{"line":20,"column":4},"end":{"line":20,"column":64}},"7":{"start":{"line":20,"column":32},"end":{"line":20,"column":63}},"8":{"start":{"line":21,"column":4},"end":{"line":21,"column":26}},"9":{"start":{"line":24,"column":27},"end":{"line":24,"column":36}},"10":{"start":{"line":25,"column":4},"end":{"line":25,"column":63}},"11":{"start":{"line":25,"column":32},"end":{"line":25,"column":62}},"12":{"start":{"line":26,"column":4},"end":{"line":26,"column":26}},"13":{"start":{"line":28,"column":44},"end":{"line":31,"column":3}},"14":{"start":{"line":29,"column":4},"end":{"line":29,"column":60}},"15":{"start":{"line":29,"column":49},"end":{"line":29,"column":60}},"16":{"start":{"line":30,"column":4},"end":{"line":30,"column":65}},"17":{"start":{"line":33,"column":42},"end":{"line":36,"column":3}},"18":{"start":{"line":34,"column":4},"end":{"line":34,"column":55}},"19":{"start":{"line":34,"column":44},"end":{"line":34,"column":55}},"20":{"start":{"line":35,"column":4},"end":{"line":35,"column":55}},"21":{"start":{"line":38,"column":38},"end":{"line":41,"column":3}},"22":{"start":{"line":39,"column":4},"end":{"line":39,"column":54}},"23":{"start":{"line":39,"column":43},"end":{"line":39,"column":54}},"24":{"start":{"line":40,"column":4},"end":{"line":40,"column":53}},"25":{"start":{"line":43,"column":37},"end":{"line":46,"column":3}},"26":{"start":{"line":44,"column":3},"end":{"line":45,"column":50}},"27":{"start":{"line":49,"column":4},"end":{"line":53,"column":55}},"28":{"start":{"line":50,"column":21},"end":{"line":50,"column":61}},"29":{"start":{"line":51,"column":21},"end":{"line":51,"column":59}},"30":{"start":{"line":52,"column":21},"end":{"line":52,"column":55}},"31":{"start":{"line":53,"column":21},"end":{"line":53,"column":54}}},"fnMap":{"0":{"name":"(anonymous_0)","decl":{"start":{"line":13,"column":2},"end":{"line":13,"column":3}},"loc":{"start":{"line":13,"column":32},"end":{"line":17,"column":3}},"line":13},"1":{"name":"(anonymous_1)","decl":{"start":{"line":15,"column":23},"end":{"line":15,"column":24}},"loc":{"start":{"line":15,"column":32},"end":{"line":15,"column":74}},"line":15},"2":{"name":"(anonymous_2)","decl":{"start":{"line":18,"column":2},"end":{"line":18,"column":3}},"loc":{"start":{"line":18,"column":28},"end":{"line":22,"column":3}},"line":18},"3":{"name":"(anonymous_3)","decl":{"start":{"line":20,"column":23},"end":{"line":20,"column":24}},"loc":{"start":{"line":20,"column":32},"end":{"line":20,"column":63}},"line":20},"4":{"name":"(anonymous_4)","decl":{"start":{"line":23,"column":2},"end":{"line":23,"column":3}},"loc":{"start":{"line":23,"column":26},"end":{"line":27,"column":3}},"line":23},"5":{"name":"(anonymous_5)","decl":{"start":{"line":25,"column":23},"end":{"line":25,"column":24}},"loc":{"start":{"line":25,"column":32},"end":{"line":25,"column":62}},"line":25},"6":{"name":"(anonymous_6)","decl":{"start":{"line":28,"column":33},"end":{"line":28,"column":34}},"loc":{"start":{"line":28,"column":44},"end":{"line":31,"column":3}},"line":28},"7":{"name":"(anonymous_7)","decl":{"start":{"line":28,"column":44},"end":{"line":28,"column":45}},"loc":{"start":{"line":28,"column":53},"end":{"line":31,"column":3}},"line":28},"8":{"name":"(anonymous_8)","decl":{"start":{"line":33,"column":31},"end":{"line":33,"column":32}},"loc":{"start":{"line":33,"column":42},"end":{"line":36,"column":3}},"line":33},"9":{"name":"(anonymous_9)","decl":{"start":{"line":33,"column":42},"end":{"line":33,"column":43}},"loc":{"start":{"line":33,"column":51},"end":{"line":36,"column":3}},"line":33},"10":{"name":"(anonymous_10)","decl":{"start":{"line":38,"column":27},"end":{"line":38,"column":28}},"loc":{"start":{"line":38,"column":38},"end":{"line":41,"column":3}},"line":38},"11":{"name":"(anonymous_11)","decl":{"start":{"line":38,"column":38},"end":{"line":38,"column":39}},"loc":{"start":{"line":38,"column":47},"end":{"line":41,"column":3}},"line":38},"12":{"name":"(anonymous_12)","decl":{"start":{"line":43,"column":26},"end":{"line":43,"column":27}},"loc":{"start":{"line":43,"column":37},"end":{"line":46,"column":3}},"line":43},"13":{"name":"(anonymous_13)","decl":{"start":{"line":43,"column":37},"end":{"line":43,"column":38}},"loc":{"start":{"line":43,"column":46},"end":{"line":46,"column":3}},"line":43},"14":{"name":"(anonymous_14)","decl":{"start":{"line":48,"column":2},"end":{"line":48,"column":3}},"loc":{"start":{"line":48,"column":33},"end":{"line":54,"column":3}},"line":48},"15":{"name":"(anonymous_15)","decl":{"start":{"line":50,"column":12},"end":{"line":50,"column":13}},"loc":{"start":{"line":50,"column":21},"end":{"line":50,"column":61}},"line":50},"16":{"name":"(anonymous_16)","decl":{"start":{"line":51,"column":12},"end":{"line":51,"column":13}},"loc":{"start":{"line":51,"column":21},"end":{"line":51,"column":59}},"line":51},"17":{"name":"(anonymous_17)","decl":{"start":{"line":52,"column":12},"end":{"line":52,"column":13}},"loc":{"start":{"line":52,"column":21},"end":{"line":52,"column":55}},"line":52},"18":{"name":"(anonymous_18)","decl":{"start":{"line":53,"column":12},"end":{"line":53,"column":13}},"loc":{"start":{"line":53,"column":21},"end":{"line":53,"column":54}},"line":53}},"branchMap":{"0":{"loc":{"start":{"line":29,"column":4},"end":{"line":29,"column":60}},"type":"if","locations":[{"start":{"line":29,"column":4},"end":{"line":29,"column":60}},{"start":{},"end":{}}],"line":29},"1":{"loc":{"start":{"line":34,"column":4},"end":{"line":34,"column":55}},"type":"if","locations":[{"start":{"line":34,"column":4},"end":{"line":34,"column":55}},{"start":{},"end":{}}],"line":34},"2":{"loc":{"start":{"line":39,"column":4},"end":{"line":39,"column":54}},"type":"if","locations":[{"start":{"line":39,"column":4},"end":{"line":39,"column":54}},{"start":{},"end":{}}],"line":39}},"s":{"0":1,"1":1,"2":1,"3":3,"4":1,"5":1,"6":1,"7":3,"8":1,"9":0,"10":0,"11":0,"12":0,"13":0,"14":0,"15":0,"16":0,"17":0,"18":0,"19":0,"20":0,"21":0,"22":0,"23":0,"24":0,"25":0,"26":0,"27":0,"28":0,"29":0,"30":0,"31":0},"f":{"0":1,"1":3,"2":1,"3":3,"4":0,"5":0,"6":0,"7":0,"8":0,"9":0,"10":0,"11":0,"12":0,"13":0,"14":0,"15":0,"16":0,"17":0,"18":0},"b":{"0":[0,0],"1":[0,0],"2":[0,0]},"_coverageSchema":"1a1c01bbd47fc00a2c39e90264f33305004495a9","hash":"ef8cbc88d46f3ef1803290c0ae2859d43f5ecc85"}
,"/home/mac-book/Music/job-finder/src/store/mutations.js": {"path":"/home/mac-book/Music/job-finder/src/store/mutations.js","statementMap":{"0":{"start":{"line":12,"column":18},"end":{"line":44,"column":1}},"1":{"start":{"line":14,"column":4},"end":{"line":14,"column":27}},"2":{"start":{"line":18,"column":4},"end":{"line":18,"column":22}},"3":{"start":{"line":21,"column":4},"end":{"line":21,"column":28}},"4":{"start":{"line":25,"column":4},"end":{"line":25,"column":47}},"5":{"start":{"line":28,"column":4},"end":{"line":28,"column":37}},"6":{"start":{"line":31,"column":4},"end":{"line":31,"column":36}},"7":{"start":{"line":35,"column":4},"end":{"line":35,"column":37}},"8":{"start":{"line":36,"column":4},"end":{"line":36,"column":32}},"9":{"start":{"line":37,"column":4},"end":{"line":37,"column":31}},"10":{"start":{"line":38,"column":4},"end":{"line":38,"column":31}},"11":{"start":{"line":42,"column":4},"end":{"line":42,"column":46}}},"fnMap":{"0":{"name":"(anonymous_0)","decl":{"start":{"line":13,"column":2},"end":{"line":13,"column":3}},"loc":{"start":{"line":13,"column":22},"end":{"line":15,"column":3}},"line":13},"1":{"name":"(anonymous_1)","decl":{"start":{"line":17,"column":2},"end":{"line":17,"column":3}},"loc":{"start":{"line":17,"column":29},"end":{"line":19,"column":3}},"line":17},"2":{"name":"(anonymous_2)","decl":{"start":{"line":20,"column":2},"end":{"line":20,"column":3}},"loc":{"start":{"line":20,"column":36},"end":{"line":22,"column":3}},"line":20},"3":{"name":"(anonymous_3)","decl":{"start":{"line":24,"column":2},"end":{"line":24,"column":3}},"loc":{"start":{"line":24,"column":53},"end":{"line":26,"column":3}},"line":24},"4":{"name":"(anonymous_4)","decl":{"start":{"line":27,"column":2},"end":{"line":27,"column":3}},"loc":{"start":{"line":27,"column":44},"end":{"line":29,"column":3}},"line":27},"5":{"name":"(anonymous_5)","decl":{"start":{"line":30,"column":2},"end":{"line":30,"column":3}},"loc":{"start":{"line":30,"column":40},"end":{"line":32,"column":3}},"line":30},"6":{"name":"(anonymous_6)","decl":{"start":{"line":34,"column":2},"end":{"line":34,"column":3}},"loc":{"start":{"line":34,"column":44},"end":{"line":39,"column":3}},"line":34},"7":{"name":"(anonymous_7)","decl":{"start":{"line":41,"column":2},"end":{"line":41,"column":3}},"loc":{"start":{"line":41,"column":55},"end":{"line":43,"column":3}},"line":41}},"branchMap":{},"s":{"0":1,"1":1,"2":1,"3":0,"4":1,"5":1,"6":0,"7":0,"8":0,"9":0,"10":0,"11":0},"f":{"0":1,"1":1,"2":0,"3":1,"4":1,"5":0,"6":0,"7":0},"b":{},"_coverageSchema":"1a1c01bbd47fc00a2c39e90264f33305004495a9","hash":"995f858fc56769bfe39bf464084f12724c3ae513"}
,"/home/mac-book/Music/job-finder/src/store/state.js": {"path":"/home/mac-book/Music/job-finder/src/store/state.js","statementMap":{"0":{"start":{"line":1,"column":14},"end":{"line":11,"column":1}},"1":{"start":{"line":2,"column":2},"end":{"line":10,"column":3}}},"fnMap":{"0":{"name":"(anonymous_0)","decl":{"start":{"line":1,"column":14},"end":{"line":1,"column":15}},"loc":{"start":{"line":1,"column":20},"end":{"line":11,"column":1}},"line":1}},"branchMap":{},"s":{"0":1,"1":4},"f":{"0":4},"b":{},"_coverageSchema":"1a1c01bbd47fc00a2c39e90264f33305004495a9","hash":"834b14d3a2d46a2c5805ed1906faabcaeb28b9dd"}
,"/home/mac-book/Music/job-finder/src/utils/nextElementList.js": {"path":"/home/mac-book/Music/job-finder/src/utils/nextElementList.js","statementMap":{"0":{"start":{"line":1,"column":26},"end":{"line":6,"column":1}},"1":{"start":{"line":2,"column":29},"end":{"line":2,"column":48}},"2":{"start":{"line":3,"column":25},"end":{"line":3,"column":63}},"3":{"start":{"line":4,"column":20},"end":{"line":4,"column":40}},"4":{"start":{"line":5,"column":2},"end":{"line":5,"column":19}}},"fnMap":{"0":{"name":"(anonymous_0)","decl":{"start":{"line":1,"column":26},"end":{"line":1,"column":27}},"loc":{"start":{"line":1,"column":43},"end":{"line":6,"column":1}},"line":1}},"branchMap":{},"s":{"0":2,"1":3,"2":3,"3":3,"4":3},"f":{"0":3},"b":{},"_coverageSchema":"1a1c01bbd47fc00a2c39e90264f33305004495a9","hash":"2a852df3af0b40621356584dfe7774d3d899305f"}
}
