TN:
SF:src/api/getDegrees.js
FN:3,(anonymous_0)
FNF:1
FNH:0
FNDA:0,(anonymous_0)
DA:3,1
DA:4,0
DA:5,0
DA:6,0
LF:4
LH:1
BRF:0
BRH:0
end_of_record
TN:
SF:src/api/getJobs.js
FN:3,(anonymous_0)
FNF:1
FNH:1
FNDA:2,(anonymous_0)
DA:3,2
DA:4,2
DA:5,2
DA:6,2
LF:4
LH:4
BRF:0
BRH:0
end_of_record
TN:
SF:src/assets/face-png-transparent.png
FNF:0
FNH:0
DA:1,2
LF:1
LH:1
BRF:0
BRH:0
end_of_record
TN:
SF:src/components/JobResults/JobListing.vue
FN:69,render
FN:76,(anonymous_1)
FN:76,(anonymous_2)
FN:81,(anonymous_3)
FN:89,(anonymous_4)
FNF:5
FNH:5
FNDA:5,render
FNDA:5,(anonymous_1)
FNDA:2,(anonymous_2)
FNDA:2,(anonymous_3)
FNDA:5,(anonymous_4)
DA:4,2
DA:7,2
DA:35,2
DA:37,2
DA:40,2
DA:41,2
DA:42,2
DA:45,2
DA:48,2
DA:51,2
DA:54,2
DA:57,2
DA:60,2
DA:63,2
DA:66,2
DA:70,5
DA:71,5
DA:76,5
DA:77,2
DA:82,2
DA:89,5
DA:94,2
LF:22
LH:22
BRF:0
BRH:0
end_of_record
TN:
SF:src/components/JobResults/JobListings.vue
FN:130,render
FN:133,(anonymous_1)
FN:150,(anonymous_2)
FN:163,(anonymous_3)
FNF:4
FNH:3
FNDA:1,render
FNDA:10,(anonymous_1)
FNDA:0,(anonymous_2)
FNDA:1,(anonymous_3)
DA:4,1
DA:5,1
DA:8,1
DA:108,1
DA:110,1
DA:113,1
DA:114,1
DA:115,1
DA:118,1
DA:121,1
DA:124,1
DA:127,1
DA:131,1
DA:132,1
DA:133,1
DA:134,10
DA:150,0
DA:163,1
DA:166,1
LF:19
LH:18
BRDA:139,0,0,0
BRDA:139,0,1,1
BRDA:152,1,0,1
BRDA:152,1,1,0
BRF:4
BRH:2
end_of_record
TN:
SF:src/components/JobResults/JobFiltersSidebar/JobFiltersSidebarCheckboxGroup.vue
FN:94,render
FN:95,(anonymous_1)
FN:101,(anonymous_2)
FN:106,(anonymous_3)
FNF:4
FNH:2
FNDA:1,render
FNDA:2,(anonymous_1)
FNDA:0,(anonymous_2)
FNDA:0,(anonymous_3)
DA:4,1
DA:7,1
DA:8,1
DA:79,1
DA:81,1
DA:84,1
DA:85,1
DA:86,1
DA:89,1
DA:92,1
DA:93,1
DA:95,1
DA:96,2
DA:101,0
DA:107,0
DA:114,1
LF:16
LH:14
BRDA:101,0,0,2
BRDA:101,0,1,1
BRDA:106,1,0,2
BRDA:106,1,1,1
BRDA:107,2,0,0
BRDA:107,2,1,0
BRF:6
BRH:4
end_of_record
TN:
SF:src/components/JobSearch/Headline.vue
FN:70,render
FNF:1
FNH:1
FNDA:3,render
DA:4,1
DA:5,1
DA:8,1
DA:51,1
DA:53,1
DA:56,1
DA:57,1
DA:58,1
DA:61,1
DA:65,1
DA:66,1
DA:71,3
DA:74,1
LF:13
LH:13
BRF:0
BRH:0
end_of_record
TN:
SF:src/components/JobSearch/JobSearchForm.vue
FN:103,render
FN:109,(anonymous_1)
FN:118,(anonymous_2)
FN:123,(anonymous_3)
FNF:4
FNH:4
FNDA:3,render
FNDA:1,(anonymous_1)
FNDA:1,(anonymous_2)
FNDA:1,(anonymous_3)
DA:4,1
DA:5,1
DA:8,1
DA:9,1
DA:77,1
DA:79,1
DA:82,1
DA:83,1
DA:84,1
DA:87,1
DA:90,1
DA:93,1
DA:96,1
DA:99,1
DA:104,3
DA:105,3
DA:106,3
DA:107,3
DA:110,1
DA:118,1
DA:123,1
DA:130,1
LF:22
LH:22
BRDA:109,0,0,3
BRDA:109,0,1,1
BRDA:110,1,0,1
BRDA:110,1,1,1
BRDA:118,2,0,3
BRDA:118,2,1,1
BRDA:123,3,0,3
BRDA:123,3,1,1
BRF:8
BRH:8
end_of_record
TN:
SF:src/components/JobSearch/Spotlight.vue
FN:57,render
FN:58,(anonymous_1)
FNF:2
FNH:2
FNDA:2,render
FNDA:1,(anonymous_1)
DA:4,1
DA:5,1
DA:8,1
DA:50,1
DA:52,1
DA:55,1
DA:56,1
DA:58,2
DA:59,1
DA:67,1
LF:10
LH:10
BRF:0
BRH:0
end_of_record
TN:
SF:src/components/Navigation/MainNav.vue
FN:115,render
FN:128,(anonymous_1)
FN:134,(anonymous_2)
FN:140,(anonymous_3)
FN:146,(anonymous_4)
FN:152,(anonymous_5)
FN:158,(anonymous_6)
FN:166,(anonymous_7)
FN:175,(anonymous_8)
FNF:9
FNH:9
FNDA:4,render
FNDA:4,(anonymous_1)
FNDA:4,(anonymous_2)
FNDA:4,(anonymous_3)
FNDA:4,(anonymous_4)
FNDA:4,(anonymous_5)
FNDA:4,(anonymous_6)
FNDA:4,(anonymous_7)
FNDA:1,(anonymous_8)
DA:4,1
DA:5,1
DA:8,1
DA:75,1
DA:77,1
DA:80,1
DA:81,1
DA:82,1
DA:85,1
DA:88,1
DA:91,1
DA:94,1
DA:97,1
DA:100,1
DA:103,1
DA:106,1
DA:109,1
DA:112,1
DA:116,4
DA:117,4
DA:118,4
DA:119,4
DA:120,4
DA:128,4
DA:134,4
DA:140,4
DA:146,4
DA:152,4
DA:158,4
DA:166,4
DA:175,1
DA:180,1
LF:32
LH:32
BRDA:168,0,0,2
BRDA:168,0,1,2
BRDA:175,1,0,2
BRDA:175,1,1,2
BRDA:176,2,0,2
BRDA:176,2,1,2
BRF:6
BRH:6
end_of_record
TN:
SF:src/components/Navigation/ProfileImage.vue
FN:27,render
FNF:1
FNH:1
FNDA:1,render
DA:4,2
DA:7,2
DA:8,2
DA:13,2
DA:15,2
DA:16,2
DA:19,2
DA:20,2
DA:21,2
DA:22,2
DA:28,1
DA:29,2
LF:12
LH:12
BRF:0
BRH:0
end_of_record
TN:
SF:src/components/Navigation/Subnav.vue
FN:69,render
FNF:1
FNH:0
FNDA:0,render
DA:4,1
DA:5,1
DA:8,1
DA:51,1
DA:53,1
DA:56,1
DA:57,1
DA:58,1
DA:63,1
DA:66,1
DA:70,0
DA:71,0
DA:75,1
LF:13
LH:11
BRDA:71,0,0,0
BRDA:71,0,1,0
BRF:2
BRH:0
end_of_record
TN:
SF:src/components/Shared/Accordion.vue
FN:66,render
FN:71,(anonymous_1)
FN:76,(anonymous_2)
FNF:3
FNH:3
FNDA:4,render
FNDA:2,(anonymous_1)
FNDA:1,(anonymous_2)
DA:4,1
DA:7,1
DA:47,1
DA:49,1
DA:52,1
DA:53,1
DA:54,1
DA:57,1
DA:60,1
DA:64,1
DA:67,4
DA:68,4
DA:72,2
DA:76,1
DA:77,1
LF:15
LH:15
BRDA:71,0,0,4
BRDA:71,0,1,2
BRDA:72,1,0,2
BRDA:72,1,1,2
BRDA:76,2,0,2
BRDA:76,2,1,2
BRF:6
BRH:6
end_of_record
TN:
SF:src/components/Shared/ActionButton.vue
FN:63,render
FNF:1
FNH:1
FNDA:1,render
DA:4,2
DA:7,2
DA:56,2
DA:58,2
DA:61,2
DA:62,2
DA:64,1
DA:67,2
LF:8
LH:8
BRF:0
BRH:0
end_of_record
TN:
SF:src/components/Shared/HeaderContainer.vue
FN:26,render
FN:27,(anonymous_1)
FN:27,(anonymous_2)
FNF:3
FNH:1
FNDA:1,render
FNDA:0,(anonymous_1)
FNDA:0,(anonymous_2)
DA:4,1
DA:7,1
DA:8,1
DA:13,1
DA:15,1
DA:18,1
DA:19,1
DA:20,1
DA:23,1
DA:27,1
DA:28,1
LF:11
LH:11
BRF:0
BRH:0
end_of_record
TN:
SF:src/components/Shared/TextInput.vue
FN:23,(anonymous_0)
FN:38,render
FN:44,(anonymous_2)
FNF:3
FNH:3
FNDA:5,(anonymous_0)
FNDA:5,render
FNDA:5,(anonymous_2)
DA:4,2
DA:7,2
DA:8,2
DA:24,5
DA:30,2
DA:32,2
DA:35,2
DA:36,2
DA:37,2
DA:39,5
DA:45,5
DA:48,2
LF:12
LH:12
BRDA:44,0,0,5
BRDA:44,0,1,3
BRDA:45,1,0,5
BRDA:45,1,1,5
BRF:4
BRH:4
end_of_record
TN:
SF:src/composables/useConfirmRoute.js
FN:4,(anonymous_0)
FN:6,(anonymous_1)
FNF:2
FNH:0
FNDA:0,(anonymous_0)
FNDA:0,(anonymous_1)
DA:4,1
DA:5,0
DA:6,0
LF:3
LH:1
BRF:0
BRH:0
end_of_record
TN:
SF:src/composables/useCurrentPage.js
FN:4,(anonymous_0)
FN:6,(anonymous_1)
FNF:2
FNH:2
FNDA:2,(anonymous_0)
FNDA:2,(anonymous_1)
DA:4,2
DA:5,2
DA:6,2
DA:7,2
LF:4
LH:4
BRDA:7,0,0,2
BRDA:7,0,1,1
BRF:2
BRH:2
end_of_record
TN:
SF:src/composables/usePreviousAndNextPages.js
FN:3,(anonymous_0)
FN:4,(anonymous_1)
FN:10,(anonymous_2)
FNF:3
FNH:2
FNDA:2,(anonymous_0)
FNDA:2,(anonymous_1)
FNDA:0,(anonymous_2)
DA:3,2
DA:4,2
DA:5,2
DA:6,2
DA:7,2
DA:10,2
DA:11,0
DA:12,0
DA:15,2
LF:9
LH:7
BRDA:7,0,0,1
BRDA:7,0,1,1
BRDA:12,1,0,0
BRDA:12,1,1,0
BRF:4
BRH:2
end_of_record
TN:
SF:src/store/actions.js
FN:6,(anonymous_0)
FN:10,(anonymous_1)
FNF:2
FNH:1
FNDA:2,(anonymous_0)
FNDA:0,(anonymous_1)
DA:5,1
DA:7,2
DA:8,2
DA:11,0
DA:12,0
LF:5
LH:3
BRF:0
BRH:0
end_of_record
TN:
SF:src/store/composables.js
FN:6,(anonymous_0)
FN:8,(anonymous_1)
FN:11,(anonymous_2)
FN:13,(anonymous_3)
FN:16,(anonymous_4)
FN:18,(anonymous_5)
FN:21,(anonymous_6)
FN:23,(anonymous_7)
FN:26,(anonymous_8)
FN:31,(anonymous_9)
FNF:10
FNH:5
FNDA:0,(anonymous_0)
FNDA:0,(anonymous_1)
FNDA:1,(anonymous_2)
FNDA:1,(anonymous_3)
FNDA:1,(anonymous_4)
FNDA:1,(anonymous_5)
FNDA:0,(anonymous_6)
FNDA:0,(anonymous_7)
FNDA:1,(anonymous_8)
FNDA:0,(anonymous_9)
DA:6,2
DA:7,0
DA:8,0
DA:11,2
DA:12,1
DA:13,1
DA:16,2
DA:17,1
DA:18,1
DA:21,2
DA:22,0
DA:23,0
DA:26,2
DA:27,1
DA:28,1
DA:31,2
DA:32,0
DA:33,0
LF:18
LH:12
BRF:0
BRH:0
end_of_record
TN:
SF:src/store/constants.js
FNF:0
FNH:0
DA:2,7
DA:5,7
DA:6,7
DA:7,7
DA:10,7
DA:13,7
DA:14,7
DA:15,7
DA:16,7
DA:19,7
DA:20,7
DA:21,7
DA:22,7
DA:25,7
DA:26,7
DA:27,7
DA:28,7
DA:29,7
DA:32,7
DA:33,7
LF:20
LH:20
BRF:0
BRH:0
end_of_record
TN:
SF:src/store/getters.js
FN:13,(anonymous_0)
FN:15,(anonymous_1)
FN:18,(anonymous_2)
FN:20,(anonymous_3)
FN:23,(anonymous_4)
FN:25,(anonymous_5)
FN:28,(anonymous_6)
FN:28,(anonymous_7)
FN:33,(anonymous_8)
FN:33,(anonymous_9)
FN:38,(anonymous_10)
FN:38,(anonymous_11)
FN:43,(anonymous_12)
FN:43,(anonymous_13)
FN:48,(anonymous_14)
FN:50,(anonymous_15)
FN:51,(anonymous_16)
FN:52,(anonymous_17)
FN:53,(anonymous_18)
FNF:19
FNH:4
FNDA:1,(anonymous_0)
FNDA:3,(anonymous_1)
FNDA:1,(anonymous_2)
FNDA:3,(anonymous_3)
FNDA:0,(anonymous_4)
FNDA:0,(anonymous_5)
FNDA:0,(anonymous_6)
FNDA:0,(anonymous_7)
FNDA:0,(anonymous_8)
FNDA:0,(anonymous_9)
FNDA:0,(anonymous_10)
FNDA:0,(anonymous_11)
FNDA:0,(anonymous_12)
FNDA:0,(anonymous_13)
FNDA:0,(anonymous_14)
FNDA:0,(anonymous_15)
FNDA:0,(anonymous_16)
FNDA:0,(anonymous_17)
FNDA:0,(anonymous_18)
DA:12,1
DA:14,1
DA:15,3
DA:16,1
DA:19,1
DA:20,3
DA:21,1
DA:24,0
DA:25,0
DA:26,0
DA:28,0
DA:29,0
DA:30,0
DA:33,0
DA:34,0
DA:35,0
DA:38,0
DA:39,0
DA:40,0
DA:43,0
DA:44,0
DA:49,0
DA:50,0
DA:51,0
DA:52,0
DA:53,0
LF:26
LH:7
BRDA:29,0,0,0
BRDA:29,0,1,0
BRDA:34,1,0,0
BRDA:34,1,1,0
BRDA:39,2,0,0
BRDA:39,2,1,0
BRF:6
BRH:0
end_of_record
TN:
SF:src/store/mutations.js
FN:13,(anonymous_0)
FN:17,(anonymous_1)
FN:20,(anonymous_2)
FN:24,(anonymous_3)
FN:27,(anonymous_4)
FN:30,(anonymous_5)
FN:34,(anonymous_6)
FN:41,(anonymous_7)
FNF:8
FNH:4
FNDA:1,(anonymous_0)
FNDA:1,(anonymous_1)
FNDA:0,(anonymous_2)
FNDA:1,(anonymous_3)
FNDA:1,(anonymous_4)
FNDA:0,(anonymous_5)
FNDA:0,(anonymous_6)
FNDA:0,(anonymous_7)
DA:12,1
DA:14,1
DA:18,1
DA:21,0
DA:25,1
DA:28,1
DA:31,0
DA:35,0
DA:36,0
DA:37,0
DA:38,0
DA:42,0
LF:12
LH:5
BRF:0
BRH:0
end_of_record
TN:
SF:src/store/state.js
FN:1,(anonymous_0)
FNF:1
FNH:1
FNDA:4,(anonymous_0)
DA:1,1
DA:2,4
LF:2
LH:2
BRF:0
BRH:0
end_of_record
TN:
SF:src/utils/nextElementList.js
FN:1,(anonymous_0)
FNF:1
FNH:1
FNDA:3,(anonymous_0)
DA:1,2
DA:2,3
DA:3,3
DA:4,3
DA:5,3
LF:5
LH:5
BRF:0
BRH:0
end_of_record
